TN:
SF:src\backend\config\supabase.js
FNF:0
FNH:0
DA:6,0
DA:7,0
DA:10,0
DA:11,0
DA:13,0
DA:16,0
DA:17,0
DA:22,0
DA:34,0
DA:42,0
DA:55,0
DA:62,0
DA:72,0
LF:13
LH:0
BRDA:10,0,0,0
BRDA:10,0,1,0
BRDA:10,1,0,0
BRDA:10,1,1,0
BRDA:16,2,0,0
BRDA:16,2,1,0
BRDA:22,3,0,0
BRDA:22,3,1,0
BRDA:22,4,0,0
BRDA:22,4,1,0
BRDA:35,5,0,0
BRDA:35,5,1,0
BRDA:36,6,0,0
BRDA:36,6,1,0
BRDA:37,7,0,0
BRDA:37,7,1,0
BRDA:38,8,0,0
BRDA:38,8,1,0
BRF:18
BRH:0
end_of_record
TN:
SF:src\backend\hooks\useSupabase.js
FN:11,(anonymous_0)
FN:16,(anonymous_1)
FN:26,(anonymous_2)
FN:45,(anonymous_3)
FN:51,(anonymous_4)
FN:70,(anonymous_5)
FN:75,(anonymous_6)
FN:77,(anonymous_7)
FN:86,(anonymous_8)
FN:117,(anonymous_9)
FN:118,(anonymous_10)
FN:126,(anonymous_11)
FN:132,(anonymous_12)
FN:143,(anonymous_13)
FN:154,(anonymous_14)
FN:159,(anonymous_15)
FN:161,(anonymous_16)
FN:197,(anonymous_17)
FN:222,(anonymous_18)
FN:225,(anonymous_19)
FN:239,(anonymous_20)
FN:279,(anonymous_21)
FN:289,(anonymous_22)
FNF:23
FNH:0
FNDA:0,(anonymous_0)
FNDA:0,(anonymous_1)
FNDA:0,(anonymous_2)
FNDA:0,(anonymous_3)
FNDA:0,(anonymous_4)
FNDA:0,(anonymous_5)
FNDA:0,(anonymous_6)
FNDA:0,(anonymous_7)
FNDA:0,(anonymous_8)
FNDA:0,(anonymous_9)
FNDA:0,(anonymous_10)
FNDA:0,(anonymous_11)
FNDA:0,(anonymous_12)
FNDA:0,(anonymous_13)
FNDA:0,(anonymous_14)
FNDA:0,(anonymous_15)
FNDA:0,(anonymous_16)
FNDA:0,(anonymous_17)
FNDA:0,(anonymous_18)
FNDA:0,(anonymous_19)
FNDA:0,(anonymous_20)
FNDA:0,(anonymous_21)
FNDA:0,(anonymous_22)
DA:11,0
DA:12,0
DA:13,0
DA:14,0
DA:16,0
DA:17,0
DA:18,0
DA:19,0
DA:21,0
DA:26,0
DA:27,0
DA:28,0
DA:32,0
DA:34,0
DA:36,0
DA:38,0
DA:39,0
DA:41,0
DA:45,0
DA:46,0
DA:47,0
DA:51,0
DA:52,0
DA:55,0
DA:70,0
DA:71,0
DA:72,0
DA:73,0
DA:75,0
DA:77,0
DA:78,0
DA:79,0
DA:81,0
DA:86,0
DA:87,0
DA:88,0
DA:92,0
DA:94,0
DA:96,0
DA:98,0
DA:99,0
DA:101,0
DA:105,0
DA:108,0
DA:118,0
DA:119,0
DA:121,0
DA:123,0
DA:124,0
DA:126,0
DA:127,0
DA:128,0
DA:130,0
DA:132,0
DA:134,0
DA:137,0
DA:143,0
DA:144,0
DA:148,0
DA:154,0
DA:155,0
DA:156,0
DA:157,0
DA:159,0
DA:161,0
DA:162,0
DA:163,0
DA:165,0
DA:166,0
DA:167,0
DA:170,0
DA:171,0
DA:174,0
DA:180,0
DA:181,0
DA:183,0
DA:187,0
DA:189,0
DA:193,0
DA:196,0
DA:198,0
DA:200,0
DA:202,0
DA:208,0
DA:209,0
DA:210,0
DA:212,0
DA:215,0
DA:218,0
DA:222,0
DA:225,0
DA:226,0
DA:227,0
DA:232,0
DA:233,0
DA:235,0
DA:239,0
DA:240,0
DA:241,0
DA:246,0
DA:249,0
DA:250,0
DA:265,0
DA:267,0
DA:273,0
DA:275,0
DA:279,0
DA:280,0
DA:281,0
DA:282,0
DA:283,0
DA:285,0
DA:289,0
DA:290,0
DA:291,0
DA:293,0
DA:303,0
DA:305,0
DA:306,0
DA:308,0
DA:312,0
LF:121
LH:0
BRDA:11,0,0,0
BRDA:11,1,0,0
BRDA:11,2,0,0
BRDA:27,3,0,0
BRDA:27,3,1,0
BRDA:27,4,0,0
BRDA:27,4,1,0
BRDA:34,5,0,0
BRDA:34,5,1,0
BRDA:36,6,0,0
BRDA:36,6,1,0
BRDA:46,7,0,0
BRDA:46,7,1,0
BRDA:70,8,0,0
BRDA:70,9,0,0
BRDA:87,10,0,0
BRDA:87,10,1,0
BRDA:87,11,0,0
BRDA:87,11,1,0
BRDA:94,12,0,0
BRDA:94,12,1,0
BRDA:96,13,0,0
BRDA:96,13,1,0
BRDA:121,14,0,0
BRDA:121,14,1,0
BRDA:121,14,2,0
BRDA:121,14,3,0
BRDA:127,15,0,0
BRDA:127,15,1,0
BRDA:165,16,0,0
BRDA:165,16,1,0
BRDA:170,17,0,0
BRDA:170,17,1,0
BRDA:180,18,0,0
BRDA:180,18,1,0
BRDA:180,19,0,0
BRDA:180,19,1,0
BRDA:198,20,0,0
BRDA:198,20,1,0
BRDA:200,21,0,0
BRDA:200,21,1,0
BRDA:208,22,0,0
BRDA:208,22,1,0
BRDA:208,23,0,0
BRDA:208,23,1,0
BRDA:232,24,0,0
BRDA:232,24,1,0
BRDA:239,25,0,0
BRDA:246,26,0,0
BRDA:246,26,1,0
BRDA:249,27,0,0
BRDA:249,27,1,0
BRDA:255,28,0,0
BRDA:255,28,1,0
BRDA:256,29,0,0
BRDA:256,29,1,0
BRDA:257,30,0,0
BRDA:257,30,1,0
BRDA:258,31,0,0
BRDA:258,31,1,0
BRDA:259,32,0,0
BRDA:259,32,1,0
BRDA:260,33,0,0
BRDA:260,33,1,0
BRDA:265,34,0,0
BRDA:265,34,1,0
BRDA:282,35,0,0
BRDA:282,35,1,0
BRDA:291,36,0,0
BRDA:291,36,1,0
BRDA:303,37,0,0
BRDA:303,37,1,0
BRF:72
BRH:0
end_of_record
TN:
SF:src\backend\services\analyticsService.js
FN:5,(anonymous_0)
FN:36,(anonymous_1)
FN:40,(anonymous_2)
FN:92,(anonymous_3)
FN:112,(anonymous_4)
FN:121,(anonymous_5)
FN:136,(anonymous_6)
FN:161,(anonymous_7)
FN:185,(anonymous_8)
FN:216,(anonymous_9)
FN:249,(anonymous_10)
FN:284,(anonymous_11)
FNF:12
FNH:0
FNDA:0,(anonymous_0)
FNDA:0,(anonymous_1)
FNDA:0,(anonymous_2)
FNDA:0,(anonymous_3)
FNDA:0,(anonymous_4)
FNDA:0,(anonymous_5)
FNDA:0,(anonymous_6)
FNDA:0,(anonymous_7)
FNDA:0,(anonymous_8)
FNDA:0,(anonymous_9)
FNDA:0,(anonymous_10)
FNDA:0,(anonymous_11)
DA:6,0
DA:14,0
DA:23,0
DA:28,0
DA:29,0
DA:33,0
DA:34,0
DA:36,0
DA:37,0
DA:40,0
DA:41,0
DA:42,0
DA:44,0
DA:45,0
DA:46,0
DA:47,0
DA:52,0
DA:84,0
DA:86,0
DA:87,0
DA:93,0
DA:95,0
DA:102,0
DA:103,0
DA:104,0
DA:108,0
DA:109,0
DA:110,0
DA:112,0
DA:113,0
DA:114,0
DA:116,0
DA:117,0
DA:121,0
DA:122,0
DA:123,0
DA:125,0
DA:126,0
DA:127,0
DA:128,0
DA:129,0
DA:130,0
DA:136,0
DA:143,0
DA:153,0
DA:155,0
DA:156,0
DA:162,0
DA:164,0
DA:170,0
DA:171,0
DA:172,0
DA:176,0
DA:177,0
DA:178,0
DA:179,0
DA:180,0
DA:181,0
DA:182,0
DA:183,0
DA:185,0
DA:186,0
DA:188,0
DA:189,0
DA:200,0
DA:201,0
DA:202,0
DA:205,0
DA:206,0
DA:207,0
DA:208,0
DA:209,0
DA:210,0
DA:211,0
DA:216,0
DA:227,0
DA:240,0
DA:242,0
DA:243,0
DA:250,0
DA:253,0
DA:276,0
DA:278,0
DA:279,0
DA:285,0
DA:291,0
DA:298,0
DA:306,0
DA:308,0
DA:309,0
DA:314,0
LF:91
LH:0
BRDA:28,0,0,0
BRDA:28,0,1,0
BRDA:37,1,0,0
BRDA:37,1,1,0
BRDA:41,2,0,0
BRDA:41,2,1,0
BRDA:42,3,0,0
BRDA:42,3,1,0
BRDA:44,4,0,0
BRDA:44,4,1,0
BRDA:46,5,0,0
BRDA:46,5,1,0
BRDA:54,6,0,0
BRDA:54,6,1,0
BRDA:60,7,0,0
BRDA:60,7,1,0
BRDA:69,8,0,0
BRDA:69,8,1,0
BRDA:75,9,0,0
BRDA:75,9,1,0
BRDA:79,10,0,0
BRDA:79,10,1,0
BRDA:92,11,0,0
BRDA:102,12,0,0
BRDA:102,12,1,0
BRDA:114,13,0,0
BRDA:114,13,1,0
BRDA:116,14,0,0
BRDA:116,14,1,0
BRDA:122,15,0,0
BRDA:122,15,1,0
BRDA:123,16,0,0
BRDA:123,16,1,0
BRDA:125,17,0,0
BRDA:125,17,1,0
BRDA:128,18,0,0
BRDA:128,18,1,0
BRDA:161,19,0,0
BRDA:170,20,0,0
BRDA:170,20,1,0
BRDA:188,21,0,0
BRDA:188,21,1,0
BRDA:205,22,0,0
BRDA:205,22,1,0
BRDA:205,22,2,0
BRDA:205,22,3,0
BRDA:205,22,4,0
BRDA:205,22,5,0
BRF:48
BRH:0
end_of_record
TN:
SF:src\backend\services\authListenerService.js
FN:4,(anonymous_0)
FN:10,(anonymous_1)
FN:17,(anonymous_2)
FN:26,(anonymous_3)
FN:31,(anonymous_4)
FN:57,(anonymous_5)
FN:68,(anonymous_6)
FN:77,(anonymous_7)
FN:83,(anonymous_8)
FN:89,(anonymous_9)
FN:95,(anonymous_10)
FN:112,(anonymous_11)
FN:118,(anonymous_12)
FNF:13
FNH:0
FNDA:0,(anonymous_0)
FNDA:0,(anonymous_1)
FNDA:0,(anonymous_2)
FNDA:0,(anonymous_3)
FNDA:0,(anonymous_4)
FNDA:0,(anonymous_5)
FNDA:0,(anonymous_6)
FNDA:0,(anonymous_7)
FNDA:0,(anonymous_8)
FNDA:0,(anonymous_9)
FNDA:0,(anonymous_10)
FNDA:0,(anonymous_11)
FNDA:0,(anonymous_12)
DA:5,0
DA:6,0
DA:11,0
DA:13,0
DA:14,0
DA:17,0
DA:18,0
DA:19,0
DA:20,0
DA:27,0
DA:29,0
DA:31,0
DA:32,0
DA:34,0
DA:35,0
DA:37,0
DA:40,0
DA:41,0
DA:44,0
DA:45,0
DA:47,0
DA:50,0
DA:53,0
DA:57,0
DA:58,0
DA:59,0
DA:61,0
DA:69,0
DA:70,0
DA:71,0
DA:73,0
DA:96,0
DA:97,0
DA:99,0
DA:100,0
DA:101,0
DA:104,0
DA:106,0
DA:107,0
DA:113,0
DA:114,0
DA:119,0
DA:120,0
DA:122,0
DA:123,0
DA:124,0
DA:127,0
DA:128,0
DA:129,0
DA:132,0
DA:134,0
DA:135,0
DA:141,0
LF:53
LH:0
BRDA:13,0,0,0
BRDA:13,0,1,0
BRDA:19,1,0,0
BRDA:19,1,1,0
BRDA:27,2,0,0
BRDA:27,2,1,0
BRDA:32,3,0,0
BRDA:32,3,1,0
BRDA:32,3,2,0
BRDA:32,3,3,0
BRDA:32,3,4,0
BRDA:34,4,0,0
BRDA:34,4,1,0
BRDA:44,5,0,0
BRDA:44,5,1,0
BRDA:69,6,0,0
BRDA:69,6,1,0
BRDA:99,7,0,0
BRDA:99,7,1,0
BRDA:122,8,0,0
BRDA:122,8,1,0
BRDA:127,9,0,0
BRDA:127,9,1,0
BRF:23
BRH:0
end_of_record
TN:
SF:src\backend\services\authService.js
FN:12,(anonymous_0)
FN:110,(anonymous_1)
FN:147,(anonymous_2)
FN:158,(anonymous_3)
FN:169,(anonymous_4)
FN:180,(anonymous_5)
FN:259,(anonymous_6)
FN:275,(anonymous_7)
FN:288,(anonymous_8)
FNF:9
FNH:0
FNDA:0,(anonymous_0)
FNDA:0,(anonymous_1)
FNDA:0,(anonymous_2)
FNDA:0,(anonymous_3)
FNDA:0,(anonymous_4)
FNDA:0,(anonymous_5)
FNDA:0,(anonymous_6)
FNDA:0,(anonymous_7)
FNDA:0,(anonymous_8)
DA:10,6
DA:13,0
DA:15,0
DA:16,0
DA:17,0
DA:21,0
DA:25,0
DA:26,0
DA:29,0
DA:33,0
DA:34,0
DA:38,0
DA:39,0
DA:40,0
DA:41,0
DA:42,0
DA:44,0
DA:49,0
DA:50,0
DA:51,0
DA:55,0
DA:56,0
DA:58,0
DA:63,0
DA:64,0
DA:65,0
DA:69,0
DA:74,0
DA:77,0
DA:79,0
DA:94,0
DA:96,0
DA:103,0
DA:105,0
DA:111,0
DA:113,0
DA:114,0
DA:115,0
DA:118,0
DA:123,0
DA:126,0
DA:132,0
DA:133,0
DA:136,0
DA:142,0
DA:148,0
DA:149,0
DA:150,0
DA:151,0
DA:153,0
DA:159,0
DA:160,0
DA:161,0
DA:162,0
DA:164,0
DA:170,0
DA:171,0
DA:172,0
DA:173,0
DA:175,0
DA:181,0
DA:182,0
DA:187,0
DA:188,0
DA:192,0
DA:193,0
DA:195,0
DA:198,0
DA:199,0
DA:203,0
DA:204,0
DA:206,0
DA:209,0
DA:210,0
DA:211,0
DA:212,0
DA:213,0
DA:215,0
DA:218,0
DA:222,0
DA:223,0
DA:224,0
DA:228,0
DA:229,0
DA:231,0
DA:234,0
DA:238,0
DA:239,0
DA:244,0
DA:251,0
DA:252,0
DA:254,0
DA:260,0
DA:261,0
DA:267,0
DA:268,0
DA:270,0
DA:276,0
DA:277,0
DA:280,0
DA:281,0
DA:283,0
DA:289,0
DA:290,0
DA:293,0
DA:294,0
DA:296,0
LF:107
LH:1
BRDA:12,0,0,0
BRDA:16,1,0,0
BRDA:16,1,1,0
BRDA:21,2,0,0
BRDA:21,2,1,0
BRDA:25,3,0,0
BRDA:25,3,1,0
BRDA:29,4,0,0
BRDA:29,4,1,0
BRDA:33,5,0,0
BRDA:33,5,1,0
BRDA:39,6,0,0
BRDA:39,6,1,0
BRDA:41,7,0,0
BRDA:41,7,1,0
BRDA:50,8,0,0
BRDA:50,8,1,0
BRDA:55,9,0,0
BRDA:55,9,1,0
BRDA:64,10,0,0
BRDA:64,10,1,0
BRDA:74,11,0,0
BRDA:74,11,1,0
BRDA:77,12,0,0
BRDA:77,12,1,0
BRDA:84,13,0,0
BRDA:84,13,1,0
BRDA:85,14,0,0
BRDA:85,14,1,0
BRDA:88,15,0,0
BRDA:88,15,1,0
BRDA:94,16,0,0
BRDA:94,16,1,0
BRDA:114,17,0,0
BRDA:114,17,1,0
BRDA:123,18,0,0
BRDA:123,18,1,0
BRDA:132,19,0,0
BRDA:132,19,1,0
BRDA:132,20,0,0
BRDA:132,20,1,0
BRDA:138,21,0,0
BRDA:138,21,1,0
BRDA:150,22,0,0
BRDA:150,22,1,0
BRDA:161,23,0,0
BRDA:161,23,1,0
BRDA:172,24,0,0
BRDA:172,24,1,0
BRDA:187,25,0,0
BRDA:187,25,1,0
BRDA:192,26,0,0
BRDA:192,26,1,0
BRDA:195,27,0,0
BRDA:195,27,1,0
BRDA:198,28,0,0
BRDA:198,28,1,0
BRDA:203,29,0,0
BRDA:203,29,1,0
BRDA:206,30,0,0
BRDA:206,30,1,0
BRDA:209,31,0,0
BRDA:209,31,1,0
BRDA:210,32,0,0
BRDA:210,32,1,0
BRDA:212,33,0,0
BRDA:212,33,1,0
BRDA:222,34,0,0
BRDA:222,34,1,0
BRDA:223,35,0,0
BRDA:223,35,1,0
BRDA:228,36,0,0
BRDA:228,36,1,0
BRDA:238,37,0,0
BRDA:238,37,1,0
BRDA:239,38,0,0
BRDA:239,38,1,0
BRDA:251,39,0,0
BRDA:251,39,1,0
BRDA:267,40,0,0
BRDA:267,40,1,0
BRDA:280,41,0,0
BRDA:280,41,1,0
BRDA:293,42,0,0
BRDA:293,42,1,0
BRF:85
BRH:0
end_of_record
TN:
SF:src\backend\services\cartService.js
FN:5,(anonymous_0)
FN:32,(anonymous_1)
FN:36,(anonymous_2)
FN:46,(anonymous_3)
FN:98,(anonymous_4)
FN:115,(anonymous_5)
FN:131,(anonymous_6)
FN:138,(anonymous_7)
FN:143,(anonymous_8)
FN:165,(anonymous_9)
FN:166,(anonymous_10)
FNF:11
FNH:6
FNDA:3,(anonymous_0)
FNDA:1,(anonymous_1)
FNDA:1,(anonymous_2)
FNDA:2,(anonymous_3)
FNDA:1,(anonymous_4)
FNDA:1,(anonymous_5)
FNDA:0,(anonymous_6)
FNDA:0,(anonymous_7)
FNDA:0,(anonymous_8)
FNDA:0,(anonymous_9)
FNDA:0,(anonymous_10)
DA:3,7
DA:6,3
DA:7,3
DA:29,3
DA:32,2
DA:36,1
DA:38,2
DA:40,1
DA:41,1
DA:47,2
DA:49,2
DA:56,2
DA:58,0
DA:61,2
DA:63,1
DA:74,1
DA:75,1
DA:78,1
DA:88,1
DA:89,1
DA:92,0
DA:93,0
DA:99,1
DA:100,1
DA:106,1
DA:107,1
DA:109,0
DA:110,0
DA:116,1
DA:117,1
DA:122,1
DA:123,1
DA:125,0
DA:126,0
DA:132,0
DA:134,0
DA:137,0
DA:138,0
DA:139,0
DA:142,0
DA:143,0
DA:144,0
DA:148,0
DA:149,0
DA:151,0
DA:152,0
DA:153,0
DA:158,0
DA:160,0
DA:162,0
DA:165,0
DA:166,0
DA:167,0
DA:169,0
DA:170,0
DA:179,0
DA:181,0
DA:182,0
LF:58
LH:27
BRDA:29,0,0,1
BRDA:29,0,1,2
BRDA:32,1,0,2
BRDA:32,1,1,0
BRDA:56,2,0,0
BRDA:56,2,1,2
BRDA:56,3,0,2
BRDA:56,3,1,1
BRDA:61,4,0,1
BRDA:61,4,1,1
BRDA:74,5,0,0
BRDA:74,5,1,1
BRDA:88,6,0,0
BRDA:88,6,1,1
BRDA:106,7,0,0
BRDA:106,7,1,1
BRDA:122,8,0,0
BRDA:122,8,1,1
BRDA:158,9,0,0
BRDA:158,9,1,0
BRDA:160,10,0,0
BRDA:160,10,1,0
BRDA:167,11,0,0
BRDA:167,11,1,0
BRDA:169,12,0,0
BRDA:169,12,1,0
BRDA:173,13,0,0
BRDA:173,13,1,0
BRDA:173,13,2,0
BRF:29
BRH:12
end_of_record
TN:
SF:src\backend\services\categoryService.js
FN:5,(anonymous_0)
FN:22,(anonymous_1)
FN:38,(anonymous_2)
FN:54,(anonymous_3)
FN:70,(anonymous_4)
FN:87,(anonymous_5)
FN:102,(anonymous_6)
FN:118,(anonymous_7)
FN:134,(anonymous_8)
FN:150,(anonymous_9)
FN:160,(anonymous_10)
FN:161,(anonymous_11)
FN:162,(anonymous_12)
FNF:13
FNH:0
FNDA:0,(anonymous_0)
FNDA:0,(anonymous_1)
FNDA:0,(anonymous_2)
FNDA:0,(anonymous_3)
FNDA:0,(anonymous_4)
FNDA:0,(anonymous_5)
FNDA:0,(anonymous_6)
FNDA:0,(anonymous_7)
FNDA:0,(anonymous_8)
FNDA:0,(anonymous_9)
FNDA:0,(anonymous_10)
FNDA:0,(anonymous_11)
FNDA:0,(anonymous_12)
DA:3,6
DA:6,0
DA:7,0
DA:13,0
DA:14,0
DA:16,0
DA:17,0
DA:23,0
DA:24,0
DA:30,0
DA:31,0
DA:33,0
DA:39,0
DA:40,0
DA:46,0
DA:47,0
DA:49,0
DA:55,0
DA:56,0
DA:62,0
DA:63,0
DA:65,0
DA:71,0
DA:72,0
DA:79,0
DA:80,0
DA:82,0
DA:88,0
DA:89,0
DA:94,0
DA:95,0
DA:97,0
DA:103,0
DA:104,0
DA:110,0
DA:111,0
DA:113,0
DA:119,0
DA:120,0
DA:126,0
DA:127,0
DA:129,0
DA:135,0
DA:136,0
DA:142,0
DA:143,0
DA:145,0
DA:151,0
DA:152,0
DA:156,0
DA:158,0
DA:160,0
DA:161,0
DA:162,0
DA:165,0
DA:167,0
LF:56
LH:1
BRDA:13,0,0,0
BRDA:13,0,1,0
BRDA:30,1,0,0
BRDA:30,1,1,0
BRDA:46,2,0,0
BRDA:46,2,1,0
BRDA:62,3,0,0
BRDA:62,3,1,0
BRDA:79,4,0,0
BRDA:79,4,1,0
BRDA:94,5,0,0
BRDA:94,5,1,0
BRDA:110,6,0,0
BRDA:110,6,1,0
BRDA:126,7,0,0
BRDA:126,7,1,0
BRDA:142,8,0,0
BRDA:142,8,1,0
BRDA:156,9,0,0
BRDA:156,9,1,0
BRF:20
BRH:0
end_of_record
TN:
SF:src\backend\services\deliveryFeeService.js
FN:11,(anonymous_0)
FN:26,(anonymous_1)
FN:48,(anonymous_2)
FN:80,(anonymous_3)
FN:92,(anonymous_4)
FN:99,(anonymous_5)
FN:108,(anonymous_6)
FNF:7
FNH:0
FNDA:0,(anonymous_0)
FNDA:0,(anonymous_1)
FNDA:0,(anonymous_2)
FNDA:0,(anonymous_3)
FNDA:0,(anonymous_4)
FNDA:0,(anonymous_5)
FNDA:0,(anonymous_6)
DA:3,6
DA:4,6
DA:6,6
DA:11,6
DA:12,0
DA:13,0
DA:16,0
DA:17,0
DA:18,0
DA:22,0
DA:25,6
DA:27,0
DA:28,0
DA:34,0
DA:35,0
DA:36,0
DA:38,0
DA:41,0
DA:43,0
DA:44,0
DA:49,0
DA:50,0
DA:51,0
DA:52,0
DA:55,0
DA:60,0
DA:71,0
DA:73,0
DA:75,0
DA:76,0
DA:81,0
DA:82,0
DA:93,0
DA:94,0
DA:99,0
DA:100,0
DA:101,0
DA:103,0
DA:107,0
DA:108,0
LF:40
LH:5
BRDA:12,0,0,0
BRDA:12,0,1,0
BRDA:12,1,0,0
BRDA:12,1,1,0
BRDA:17,2,0,0
BRDA:17,2,1,0
BRDA:18,3,0,0
BRDA:18,3,1,0
BRDA:18,4,0,0
BRDA:18,4,1,0
BRDA:34,5,0,0
BRDA:34,5,1,0
BRDA:35,6,0,0
BRDA:35,6,1,0
BRDA:51,7,0,0
BRDA:51,7,1,0
BRDA:51,8,0,0
BRDA:51,8,1,0
BRDA:55,9,0,0
BRDA:55,9,1,0
BRDA:71,10,0,0
BRDA:71,10,1,0
BRDA:93,11,0,0
BRDA:93,11,1,0
BRF:24
BRH:0
end_of_record
TN:
SF:src\backend\services\farmService.js
FN:14,(anonymous_0)
FN:61,(anonymous_1)
FN:77,(anonymous_2)
FN:169,(anonymous_3)
FN:254,(anonymous_4)
FN:275,(anonymous_5)
FN:290,(anonymous_6)
FN:307,(anonymous_7)
FN:323,(anonymous_8)
FN:339,(anonymous_9)
FN:355,(anonymous_10)
FN:378,(anonymous_11)
FN:392,(anonymous_12)
FN:402,(anonymous_13)
FN:403,(anonymous_14)
FN:404,(anonymous_15)
FN:405,(anonymous_16)
FN:415,(anonymous_17)
FN:431,(anonymous_18)
FN:450,(anonymous_19)
FNF:20
FNH:0
FNDA:0,(anonymous_0)
FNDA:0,(anonymous_1)
FNDA:0,(anonymous_2)
FNDA:0,(anonymous_3)
FNDA:0,(anonymous_4)
FNDA:0,(anonymous_5)
FNDA:0,(anonymous_6)
FNDA:0,(anonymous_7)
FNDA:0,(anonymous_8)
FNDA:0,(anonymous_9)
FNDA:0,(anonymous_10)
FNDA:0,(anonymous_11)
FNDA:0,(anonymous_12)
FNDA:0,(anonymous_13)
FNDA:0,(anonymous_14)
FNDA:0,(anonymous_15)
FNDA:0,(anonymous_16)
FNDA:0,(anonymous_17)
FNDA:0,(anonymous_18)
FNDA:0,(anonymous_19)
DA:12,6
DA:15,0
DA:22,0
DA:24,0
DA:35,0
DA:36,0
DA:38,0
DA:39,0
DA:44,0
DA:46,0
DA:48,0
DA:56,0
DA:62,0
DA:63,0
DA:69,0
DA:70,0
DA:72,0
DA:78,0
DA:80,0
DA:83,0
DA:84,0
DA:88,0
DA:89,0
DA:91,0
DA:95,0
DA:96,0
DA:100,0
DA:101,0
DA:103,0
DA:107,0
DA:108,0
DA:112,0
DA:113,0
DA:115,0
DA:119,0
DA:120,0
DA:121,0
DA:122,0
DA:124,0
DA:128,0
DA:129,0
DA:130,0
DA:131,0
DA:133,0
DA:137,0
DA:138,0
DA:139,0
DA:140,0
DA:142,0
DA:146,0
DA:147,0
DA:151,0
DA:152,0
DA:155,0
DA:161,0
DA:162,0
DA:164,0
DA:170,0
DA:171,0
DA:176,0
DA:177,0
DA:181,0
DA:182,0
DA:184,0
DA:187,0
DA:188,0
DA:192,0
DA:193,0
DA:195,0
DA:198,0
DA:199,0
DA:203,0
DA:204,0
DA:206,0
DA:209,0
DA:210,0
DA:211,0
DA:212,0
DA:213,0
DA:215,0
DA:217,0
DA:221,0
DA:222,0
DA:223,0
DA:224,0
DA:225,0
DA:227,0
DA:229,0
DA:233,0
DA:234,0
DA:235,0
DA:236,0
DA:237,0
DA:239,0
DA:241,0
DA:245,0
DA:246,0
DA:249,0
DA:250,0
DA:254,0
DA:255,0
DA:256,0
DA:260,0
DA:267,0
DA:268,0
DA:270,0
DA:276,0
DA:277,0
DA:282,0
DA:283,0
DA:285,0
DA:291,0
DA:292,0
DA:299,0
DA:300,0
DA:302,0
DA:308,0
DA:309,0
DA:315,0
DA:316,0
DA:318,0
DA:324,0
DA:325,0
DA:331,0
DA:332,0
DA:334,0
DA:340,0
DA:341,0
DA:347,0
DA:348,0
DA:350,0
DA:356,0
DA:357,0
DA:358,0
DA:360,0
DA:364,0
DA:367,0
DA:371,0
DA:373,0
DA:379,0
DA:380,0
DA:384,0
DA:385,0
DA:387,0
DA:393,0
DA:394,0
DA:398,0
DA:400,0
DA:402,0
DA:403,0
DA:404,0
DA:405,0
DA:408,0
DA:410,0
DA:416,0
DA:417,0
DA:423,0
DA:424,0
DA:426,0
DA:432,0
DA:433,0
DA:434,0
DA:436,0
DA:442,0
DA:443,0
DA:445,0
DA:451,0
DA:452,0
DA:458,0
DA:459,0
DA:461,0
LF:171
LH:1
BRDA:14,0,0,0
BRDA:17,1,0,0
BRDA:18,2,0,0
BRDA:19,3,0,0
BRDA:20,4,0,0
BRDA:21,5,0,0
BRDA:35,6,0,0
BRDA:35,6,1,0
BRDA:38,7,0,0
BRDA:38,7,1,0
BRDA:46,8,0,0
BRDA:46,8,1,0
BRDA:49,9,0,0
BRDA:49,9,1,0
BRDA:50,10,0,0
BRDA:50,10,1,0
BRDA:51,11,0,0
BRDA:51,11,1,0
BRDA:69,12,0,0
BRDA:69,12,1,0
BRDA:83,13,0,0
BRDA:83,13,1,0
BRDA:88,14,0,0
BRDA:88,14,1,0
BRDA:95,15,0,0
BRDA:95,15,1,0
BRDA:100,16,0,0
BRDA:100,16,1,0
BRDA:107,17,0,0
BRDA:107,17,1,0
BRDA:112,18,0,0
BRDA:112,18,1,0
BRDA:119,19,0,0
BRDA:119,19,1,0
BRDA:121,20,0,0
BRDA:121,20,1,0
BRDA:128,21,0,0
BRDA:128,21,1,0
BRDA:130,22,0,0
BRDA:130,22,1,0
BRDA:137,23,0,0
BRDA:137,23,1,0
BRDA:139,24,0,0
BRDA:139,24,1,0
BRDA:146,25,0,0
BRDA:146,25,1,0
BRDA:146,26,0,0
BRDA:146,26,1,0
BRDA:151,27,0,0
BRDA:151,27,1,0
BRDA:151,28,0,0
BRDA:151,28,1,0
BRDA:161,29,0,0
BRDA:161,29,1,0
BRDA:176,30,0,0
BRDA:176,30,1,0
BRDA:181,31,0,0
BRDA:181,31,1,0
BRDA:187,32,0,0
BRDA:187,32,1,0
BRDA:192,33,0,0
BRDA:192,33,1,0
BRDA:198,34,0,0
BRDA:198,34,1,0
BRDA:203,35,0,0
BRDA:203,35,1,0
BRDA:209,36,0,0
BRDA:209,36,1,0
BRDA:210,37,0,0
BRDA:210,37,1,0
BRDA:212,38,0,0
BRDA:212,38,1,0
BRDA:221,39,0,0
BRDA:221,39,1,0
BRDA:222,40,0,0
BRDA:222,40,1,0
BRDA:224,41,0,0
BRDA:224,41,1,0
BRDA:233,42,0,0
BRDA:233,42,1,0
BRDA:234,43,0,0
BRDA:234,43,1,0
BRDA:236,44,0,0
BRDA:236,44,1,0
BRDA:245,45,0,0
BRDA:245,45,1,0
BRDA:245,46,0,0
BRDA:245,46,1,0
BRDA:249,47,0,0
BRDA:249,47,1,0
BRDA:249,48,0,0
BRDA:249,48,1,0
BRDA:255,49,0,0
BRDA:255,49,1,0
BRDA:267,50,0,0
BRDA:267,50,1,0
BRDA:282,51,0,0
BRDA:282,51,1,0
BRDA:290,52,0,0
BRDA:299,53,0,0
BRDA:299,53,1,0
BRDA:315,54,0,0
BRDA:315,54,1,0
BRDA:331,55,0,0
BRDA:331,55,1,0
BRDA:347,56,0,0
BRDA:347,56,1,0
BRDA:355,57,0,0
BRDA:364,58,0,0
BRDA:364,58,1,0
BRDA:384,59,0,0
BRDA:384,59,1,0
BRDA:398,60,0,0
BRDA:398,60,1,0
BRDA:404,61,0,0
BRDA:404,61,1,0
BRDA:405,62,0,0
BRDA:405,62,1,0
BRDA:423,63,0,0
BRDA:423,63,1,0
BRDA:442,64,0,0
BRDA:442,64,1,0
BRDA:458,65,0,0
BRDA:458,65,1,0
BRF:124
BRH:0
end_of_record
TN:
SF:src\backend\services\favoriteService.js
FN:5,(anonymous_0)
FN:26,(anonymous_1)
FN:32,(anonymous_2)
FN:94,(anonymous_3)
FN:101,(anonymous_4)
FN:125,(anonymous_5)
FN:146,(anonymous_6)
FN:164,(anonymous_7)
FN:182,(anonymous_8)
FN:190,(anonymous_9)
FN:198,(anonymous_10)
FN:207,(anonymous_11)
FN:222,(anonymous_12)
FN:233,(anonymous_13)
FN:234,(anonymous_14)
FN:235,(anonymous_15)
FNF:16
FNH:0
FNDA:0,(anonymous_0)
FNDA:0,(anonymous_1)
FNDA:0,(anonymous_2)
FNDA:0,(anonymous_3)
FNDA:0,(anonymous_4)
FNDA:0,(anonymous_5)
FNDA:0,(anonymous_6)
FNDA:0,(anonymous_7)
FNDA:0,(anonymous_8)
FNDA:0,(anonymous_9)
FNDA:0,(anonymous_10)
FNDA:0,(anonymous_11)
FNDA:0,(anonymous_12)
FNDA:0,(anonymous_13)
FNDA:0,(anonymous_14)
FNDA:0,(anonymous_15)
DA:3,7
DA:6,0
DA:7,0
DA:13,0
DA:14,0
DA:17,0
DA:18,0
DA:19,0
DA:21,0
DA:27,0
DA:28,0
DA:31,0
DA:33,0
DA:35,0
DA:36,0
DA:38,0
DA:55,0
DA:56,0
DA:59,0
DA:64,0
DA:65,0
DA:68,0
DA:80,0
DA:81,0
DA:87,0
DA:94,0
DA:96,0
DA:102,0
DA:103,0
DA:113,0
DA:114,0
DA:115,0
DA:117,0
DA:119,0
DA:120,0
DA:126,0
DA:127,0
DA:134,0
DA:135,0
DA:136,0
DA:138,0
DA:140,0
DA:141,0
DA:147,0
DA:148,0
DA:156,0
DA:157,0
DA:159,0
DA:165,0
DA:166,0
DA:168,0
DA:169,0
DA:170,0
DA:172,0
DA:173,0
DA:176,0
DA:177,0
DA:183,0
DA:184,0
DA:186,0
DA:191,0
DA:192,0
DA:194,0
DA:199,0
DA:200,0
DA:202,0
DA:208,0
DA:209,0
DA:214,0
DA:215,0
DA:217,0
DA:223,0
DA:224,0
DA:229,0
DA:231,0
DA:233,0
DA:234,0
DA:235,0
DA:238,0
DA:240,0
LF:80
LH:1
BRDA:5,0,0,0
BRDA:13,1,0,0
BRDA:13,1,1,0
BRDA:18,2,0,0
BRDA:18,2,1,0
BRDA:26,3,0,0
BRDA:36,4,0,0
BRDA:36,4,1,0
BRDA:36,4,2,0
BRDA:113,5,0,0
BRDA:113,5,1,0
BRDA:134,6,0,0
BRDA:134,6,1,0
BRDA:156,7,0,0
BRDA:156,7,1,0
BRDA:156,8,0,0
BRDA:156,8,1,0
BRDA:168,9,0,0
BRDA:168,9,1,0
BRDA:214,10,0,0
BRDA:214,10,1,0
BRDA:229,11,0,0
BRDA:229,11,1,0
BRF:23
BRH:0
end_of_record
TN:
SF:src\backend\services\feedbackService.js
FN:17,(anonymous_0)
FN:99,(anonymous_1)
FN:123,(anonymous_2)
FN:148,(anonymous_3)
FN:193,(anonymous_4)
FN:233,(anonymous_5)
FN:276,(anonymous_6)
FN:289,(anonymous_7)
FN:294,(anonymous_8)
FN:312,(anonymous_9)
FN:393,(anonymous_10)
FN:431,(anonymous_11)
FNF:12
FNH:0
FNDA:0,(anonymous_0)
FNDA:0,(anonymous_1)
FNDA:0,(anonymous_2)
FNDA:0,(anonymous_3)
FNDA:0,(anonymous_4)
FNDA:0,(anonymous_5)
FNDA:0,(anonymous_6)
FNDA:0,(anonymous_7)
FNDA:0,(anonymous_8)
FNDA:0,(anonymous_9)
FNDA:0,(anonymous_10)
FNDA:0,(anonymous_11)
DA:13,0
DA:18,0
DA:19,0
DA:20,0
DA:21,0
DA:25,0
DA:26,0
DA:29,0
DA:34,0
DA:38,0
DA:39,0
DA:43,0
DA:47,0
DA:48,0
DA:52,0
DA:53,0
DA:54,0
DA:60,0
DA:61,0
DA:66,0
DA:67,0
DA:71,0
DA:88,0
DA:89,0
DA:91,0
DA:92,0
DA:100,0
DA:101,0
DA:102,0
DA:103,0
DA:106,0
DA:112,0
DA:113,0
DA:115,0
DA:116,0
DA:124,0
DA:125,0
DA:126,0
DA:127,0
DA:130,0
DA:137,0
DA:138,0
DA:140,0
DA:141,0
DA:149,0
DA:150,0
DA:151,0
DA:152,0
DA:156,0
DA:163,0
DA:164,0
DA:165,0
DA:167,0
DA:168,0
DA:171,0
DA:182,0
DA:183,0
DA:185,0
DA:186,0
DA:194,0
DA:195,0
DA:196,0
DA:197,0
DA:201,0
DA:208,0
DA:209,0
DA:210,0
DA:212,0
DA:213,0
DA:216,0
DA:222,0
DA:223,0
DA:225,0
DA:226,0
DA:234,0
DA:235,0
DA:236,0
DA:237,0
DA:241,0
DA:247,0
DA:248,0
DA:251,0
DA:257,0
DA:258,0
DA:260,0
DA:261,0
DA:263,0
DA:264,0
DA:266,0
DA:267,0
DA:270,0
DA:272,0
DA:275,0
DA:276,0
DA:277,0
DA:282,0
DA:283,0
DA:287,0
DA:288,0
DA:289,0
DA:290,0
DA:294,0
DA:299,0
DA:302,0
DA:304,0
DA:305,0
DA:313,0
DA:314,0
DA:315,0
DA:316,0
DA:320,0
DA:326,0
DA:327,0
DA:330,0
DA:336,0
DA:338,0
DA:342,0
DA:343,0
DA:345,0
DA:349,0
DA:350,0
DA:353,0
DA:360,0
DA:363,0
DA:364,0
DA:370,0
DA:371,0
DA:374,0
DA:383,0
DA:385,0
DA:386,0
DA:394,0
DA:395,0
DA:396,0
DA:397,0
DA:401,0
DA:407,0
DA:408,0
DA:411,0
DA:416,0
DA:419,0
DA:428,0
DA:429,0
DA:431,0
DA:433,0
DA:436,0
DA:437,0
DA:440,0
DA:443,0
DA:444,0
DA:445,0
DA:449,0
DA:451,0
DA:453,0
DA:454,0
LF:155
LH:0
BRDA:20,0,0,0
BRDA:20,0,1,0
BRDA:26,1,0,0
BRDA:26,1,1,0
BRDA:29,2,0,0
BRDA:29,2,1,0
BRDA:38,3,0,0
BRDA:38,3,1,0
BRDA:47,4,0,0
BRDA:47,4,1,0
BRDA:53,5,0,0
BRDA:53,5,1,0
BRDA:53,6,0,0
BRDA:53,6,1,0
BRDA:60,7,0,0
BRDA:60,7,1,0
BRDA:67,8,0,0
BRDA:67,8,1,0
BRDA:88,9,0,0
BRDA:88,9,1,0
BRDA:92,10,0,0
BRDA:92,10,1,0
BRDA:102,11,0,0
BRDA:102,11,1,0
BRDA:112,12,0,0
BRDA:112,12,1,0
BRDA:116,13,0,0
BRDA:116,13,1,0
BRDA:126,14,0,0
BRDA:126,14,1,0
BRDA:137,15,0,0
BRDA:137,15,1,0
BRDA:141,16,0,0
BRDA:141,16,1,0
BRDA:151,17,0,0
BRDA:151,17,1,0
BRDA:163,18,0,0
BRDA:163,18,1,0
BRDA:164,19,0,0
BRDA:164,19,1,0
BRDA:167,20,0,0
BRDA:167,20,1,0
BRDA:182,21,0,0
BRDA:182,21,1,0
BRDA:186,22,0,0
BRDA:186,22,1,0
BRDA:196,23,0,0
BRDA:196,23,1,0
BRDA:208,24,0,0
BRDA:208,24,1,0
BRDA:209,25,0,0
BRDA:209,25,1,0
BRDA:212,26,0,0
BRDA:212,26,1,0
BRDA:222,27,0,0
BRDA:222,27,1,0
BRDA:226,28,0,0
BRDA:226,28,1,0
BRDA:233,29,0,0
BRDA:236,30,0,0
BRDA:236,30,1,0
BRDA:247,31,0,0
BRDA:247,31,1,0
BRDA:247,32,0,0
BRDA:247,32,1,0
BRDA:257,33,0,0
BRDA:257,33,1,0
BRDA:260,34,0,0
BRDA:260,34,1,0
BRDA:263,35,0,0
BRDA:263,35,1,0
BRDA:266,36,0,0
BRDA:266,36,1,0
BRDA:272,37,0,0
BRDA:272,37,1,0
BRDA:275,38,0,0
BRDA:275,38,1,0
BRDA:275,39,0,0
BRDA:275,39,1,0
BRDA:282,40,0,0
BRDA:282,40,1,0
BRDA:288,41,0,0
BRDA:288,41,1,0
BRDA:296,42,0,0
BRDA:296,42,1,0
BRDA:302,43,0,0
BRDA:302,43,1,0
BRDA:305,44,0,0
BRDA:305,44,1,0
BRDA:312,45,0,0
BRDA:315,46,0,0
BRDA:315,46,1,0
BRDA:326,47,0,0
BRDA:326,47,1,0
BRDA:326,48,0,0
BRDA:326,48,1,0
BRDA:336,49,0,0
BRDA:336,49,1,0
BRDA:342,50,0,0
BRDA:342,50,1,0
BRDA:349,51,0,0
BRDA:349,51,1,0
BRDA:349,52,0,0
BRDA:349,52,1,0
BRDA:360,53,0,0
BRDA:360,53,1,0
BRDA:363,54,0,0
BRDA:363,54,1,0
BRDA:363,55,0,0
BRDA:363,55,1,0
BRDA:370,56,0,0
BRDA:370,56,1,0
BRDA:377,57,0,0
BRDA:377,57,1,0
BRDA:386,58,0,0
BRDA:386,58,1,0
BRDA:396,59,0,0
BRDA:396,59,1,0
BRDA:407,60,0,0
BRDA:407,60,1,0
BRDA:407,61,0,0
BRDA:407,61,1,0
BRDA:416,62,0,0
BRDA:416,62,1,0
BRDA:433,63,0,0
BRDA:433,63,1,0
BRDA:436,64,0,0
BRDA:436,64,1,0
BRDA:437,65,0,0
BRDA:437,65,1,0
BRDA:440,66,0,0
BRDA:440,66,1,0
BRDA:443,67,0,0
BRDA:443,67,1,0
BRDA:449,68,0,0
BRDA:449,68,1,0
BRDA:454,69,0,0
BRDA:454,69,1,0
BRF:138
BRH:0
end_of_record
TN:
SF:src\backend\services\notificationService.js
FN:11,(anonymous_0)
FN:40,(anonymous_1)
FN:74,(anonymous_2)
FN:112,(anonymous_3)
FN:146,(anonymous_4)
FN:167,(anonymous_5)
FN:188,(anonymous_6)
FN:210,(anonymous_7)
FN:228,(anonymous_8)
FN:247,(anonymous_9)
FN:267,(anonymous_10)
FN:287,(anonymous_11)
FN:319,(anonymous_12)
FN:359,(anonymous_13)
FN:377,(anonymous_14)
FN:381,(anonymous_15)
FN:415,(anonymous_16)
FN:473,(anonymous_17)
FN:497,(anonymous_18)
FN:510,(anonymous_19)
FN:531,(anonymous_20)
FN:541,(anonymous_21)
FN:565,(anonymous_22)
FN:591,(anonymous_23)
FNF:24
FNH:0
FNDA:0,(anonymous_0)
FNDA:0,(anonymous_1)
FNDA:0,(anonymous_2)
FNDA:0,(anonymous_3)
FNDA:0,(anonymous_4)
FNDA:0,(anonymous_5)
FNDA:0,(anonymous_6)
FNDA:0,(anonymous_7)
FNDA:0,(anonymous_8)
FNDA:0,(anonymous_9)
FNDA:0,(anonymous_10)
FNDA:0,(anonymous_11)
FNDA:0,(anonymous_12)
FNDA:0,(anonymous_13)
FNDA:0,(anonymous_14)
FNDA:0,(anonymous_15)
FNDA:0,(anonymous_16)
FNDA:0,(anonymous_17)
FNDA:0,(anonymous_18)
FNDA:0,(anonymous_19)
FNDA:0,(anonymous_20)
FNDA:0,(anonymous_21)
FNDA:0,(anonymous_22)
FNDA:0,(anonymous_23)
DA:12,0
DA:13,0
DA:29,0
DA:30,0
DA:32,0
DA:33,0
DA:41,0
DA:42,0
DA:59,0
DA:60,0
DA:61,0
DA:64,0
DA:66,0
DA:67,0
DA:75,0
DA:76,0
DA:93,0
DA:94,0
DA:95,0
DA:98,0
DA:100,0
DA:101,0
DA:113,0
DA:114,0
DA:123,0
DA:124,0
DA:125,0
DA:127,0
DA:128,0
DA:130,0
DA:133,0
DA:135,0
DA:136,0
DA:138,0
DA:139,0
DA:147,0
DA:148,0
DA:156,0
DA:157,0
DA:159,0
DA:160,0
DA:168,0
DA:169,0
DA:177,0
DA:178,0
DA:180,0
DA:181,0
DA:189,0
DA:190,0
DA:199,0
DA:200,0
DA:202,0
DA:203,0
DA:211,0
DA:212,0
DA:217,0
DA:218,0
DA:220,0
DA:221,0
DA:229,0
DA:230,0
DA:236,0
DA:237,0
DA:239,0
DA:240,0
DA:248,0
DA:249,0
DA:256,0
DA:257,0
DA:259,0
DA:260,0
DA:268,0
DA:269,0
DA:276,0
DA:277,0
DA:279,0
DA:280,0
DA:288,0
DA:289,0
DA:296,0
DA:303,0
DA:304,0
DA:328,0
DA:330,0
DA:331,0
DA:334,0
DA:350,0
DA:352,0
DA:354,0
DA:355,0
DA:360,0
DA:361,0
DA:363,0
DA:368,0
DA:369,0
DA:371,0
DA:375,0
DA:377,0
DA:381,0
DA:383,0
DA:391,0
DA:393,0
DA:411,0
DA:416,0
DA:417,0
DA:419,0
DA:428,0
DA:437,0
DA:440,0
DA:448,0
DA:450,0
DA:452,0
DA:466,0
DA:474,0
DA:475,0
DA:483,0
DA:484,0
DA:486,0
DA:487,0
DA:498,0
DA:500,0
DA:512,0
DA:513,0
DA:515,0
DA:516,0
DA:519,0
DA:524,0
DA:532,0
DA:533,0
DA:542,0
DA:543,0
DA:544,0
DA:546,0
DA:552,0
DA:554,0
DA:556,0
DA:557,0
DA:566,0
DA:567,0
DA:568,0
DA:571,0
DA:579,0
DA:581,0
DA:583,0
DA:584,0
DA:592,0
DA:618,0
LF:147
LH:0
BRDA:11,0,0,0
BRDA:29,1,0,0
BRDA:29,1,1,0
BRDA:30,2,0,0
BRDA:30,2,1,0
BRDA:40,3,0,0
BRDA:59,4,0,0
BRDA:59,4,1,0
BRDA:64,5,0,0
BRDA:64,5,1,0
BRDA:74,6,0,0
BRDA:93,7,0,0
BRDA:93,7,1,0
BRDA:98,8,0,0
BRDA:98,8,1,0
BRDA:112,9,0,0
BRDA:112,10,0,0
BRDA:112,11,0,0
BRDA:123,12,0,0
BRDA:123,12,1,0
BRDA:125,13,0,0
BRDA:125,13,1,0
BRDA:128,14,0,0
BRDA:128,14,1,0
BRDA:135,15,0,0
BRDA:135,15,1,0
BRDA:136,16,0,0
BRDA:136,16,1,0
BRDA:156,17,0,0
BRDA:156,17,1,0
BRDA:177,18,0,0
BRDA:177,18,1,0
BRDA:199,19,0,0
BRDA:199,19,1,0
BRDA:217,20,0,0
BRDA:217,20,1,0
BRDA:236,21,0,0
BRDA:236,21,1,0
BRDA:237,22,0,0
BRDA:237,22,1,0
BRDA:256,23,0,0
BRDA:256,23,1,0
BRDA:257,24,0,0
BRDA:257,24,1,0
BRDA:276,25,0,0
BRDA:276,25,1,0
BRDA:277,26,0,0
BRDA:277,26,1,0
BRDA:321,27,0,0
BRDA:325,28,0,0
BRDA:326,29,0,0
BRDA:330,30,0,0
BRDA:330,30,1,0
BRDA:330,31,0,0
BRDA:330,31,1,0
BRDA:330,31,2,0
BRDA:330,31,3,0
BRDA:350,32,0,0
BRDA:350,32,1,0
BRDA:361,33,0,0
BRDA:361,33,1,0
BRDA:368,34,0,0
BRDA:368,34,1,0
BRDA:369,35,0,0
BRDA:369,35,1,0
BRDA:369,36,0,0
BRDA:369,36,1,0
BRDA:371,37,0,0
BRDA:371,37,1,0
BRDA:371,37,2,0
BRDA:375,38,0,0
BRDA:375,38,1,0
BRDA:391,39,0,0
BRDA:391,39,1,0
BRDA:391,40,0,0
BRDA:391,40,1,0
BRDA:398,41,0,0
BRDA:398,41,1,0
BRDA:398,42,0,0
BRDA:398,42,1,0
BRDA:417,43,0,0
BRDA:417,43,1,0
BRDA:417,44,0,0
BRDA:417,44,1,0
BRDA:437,45,0,0
BRDA:437,45,1,0
BRDA:448,46,0,0
BRDA:448,46,1,0
BRDA:448,47,0,0
BRDA:448,47,1,0
BRDA:450,48,0,0
BRDA:450,48,1,0
BRDA:457,49,0,0
BRDA:457,49,1,0
BRDA:483,50,0,0
BRDA:483,50,1,0
BRDA:484,51,0,0
BRDA:484,51,1,0
BRDA:497,52,0,0
BRDA:512,53,0,0
BRDA:512,53,1,0
BRDA:512,54,0,0
BRDA:512,54,1,0
BRDA:515,55,0,0
BRDA:515,55,1,0
BRDA:515,56,0,0
BRDA:515,56,1,0
BRDA:532,57,0,0
BRDA:532,57,1,0
BRDA:541,58,0,0
BRDA:552,59,0,0
BRDA:552,59,1,0
BRDA:567,60,0,0
BRDA:567,60,1,0
BRDA:567,61,0,0
BRDA:567,61,1,0
BRDA:579,62,0,0
BRDA:579,62,1,0
BRF:118
BRH:0
end_of_record
TN:
SF:src\backend\services\orderService.js
FN:12,(anonymous_0)
FN:79,(anonymous_1)
FN:120,(anonymous_2)
FN:145,(anonymous_3)
FN:236,(anonymous_4)
FN:268,(anonymous_5)
FN:288,(anonymous_6)
FN:364,(anonymous_7)
FN:379,(anonymous_8)
FN:430,(anonymous_9)
FN:455,(anonymous_10)
FN:480,(anonymous_11)
FN:505,(anonymous_12)
FN:515,(anonymous_13)
FN:516,(anonymous_14)
FN:517,(anonymous_15)
FN:518,(anonymous_16)
FN:519,(anonymous_17)
FN:520,(anonymous_18)
FN:522,(anonymous_19)
FN:523,(anonymous_20)
FN:538,(anonymous_21)
FNF:22
FNH:7
FNDA:2,(anonymous_0)
FNDA:1,(anonymous_1)
FNDA:2,(anonymous_2)
FNDA:4,(anonymous_3)
FNDA:1,(anonymous_4)
FNDA:2,(anonymous_5)
FNDA:2,(anonymous_6)
FNDA:0,(anonymous_7)
FNDA:0,(anonymous_8)
FNDA:0,(anonymous_9)
FNDA:0,(anonymous_10)
FNDA:0,(anonymous_11)
FNDA:0,(anonymous_12)
FNDA:0,(anonymous_13)
FNDA:0,(anonymous_14)
FNDA:0,(anonymous_15)
FNDA:0,(anonymous_16)
FNDA:0,(anonymous_17)
FNDA:0,(anonymous_18)
FNDA:0,(anonymous_19)
FNDA:0,(anonymous_20)
FNDA:0,(anonymous_21)
DA:10,7
DA:13,2
DA:20,2
DA:23,2
DA:24,2
DA:25,2
DA:26,2
DA:27,2
DA:29,2
DA:51,2
DA:52,0
DA:57,2
DA:59,2
DA:60,1
DA:61,1
DA:62,1
DA:65,1
DA:73,1
DA:74,1
DA:80,1
DA:85,1
DA:87,1
DA:95,1
DA:96,0
DA:99,1
DA:101,1
DA:102,0
DA:103,0
DA:106,1
DA:114,0
DA:115,0
DA:121,2
DA:122,2
DA:137,2
DA:138,1
DA:140,1
DA:146,4
DA:149,4
DA:150,1
DA:151,1
DA:155,3
DA:158,3
DA:164,3
DA:165,2
DA:169,2
DA:170,2
DA:172,0
DA:177,3
DA:178,1
DA:179,1
DA:180,1
DA:182,0
DA:187,3
DA:188,0
DA:192,0
DA:193,0
DA:195,0
DA:200,3
DA:201,0
DA:205,0
DA:206,0
DA:208,0
DA:212,3
DA:213,0
DA:217,0
DA:218,0
DA:220,0
DA:225,3
DA:226,0
DA:227,0
DA:228,0
DA:230,0
DA:235,3
DA:236,3
DA:244,3
DA:250,3
DA:251,1
DA:252,1
DA:255,2
DA:256,2
DA:258,0
DA:261,2
DA:263,2
DA:269,2
DA:270,2
DA:280,2
DA:281,1
DA:283,1
DA:289,2
DA:291,2
DA:297,2
DA:298,1
DA:299,1
DA:302,1
DA:305,1
DA:315,1
DA:316,0
DA:317,0
DA:323,1
DA:324,1
DA:325,1
DA:329,0
DA:335,1
DA:336,0
DA:337,0
DA:339,0
DA:341,0
DA:347,1
DA:348,1
DA:353,0
DA:356,1
DA:358,1
DA:359,1
DA:365,0
DA:366,0
DA:371,0
DA:372,0
DA:374,0
DA:380,0
DA:382,0
DA:388,0
DA:389,0
DA:390,0
DA:393,0
DA:394,0
DA:399,0
DA:410,0
DA:413,0
DA:414,0
DA:415,0
DA:416,0
DA:418,0
DA:423,0
DA:425,0
DA:431,0
DA:432,0
DA:447,0
DA:448,0
DA:450,0
DA:456,0
DA:457,0
DA:472,0
DA:473,0
DA:475,0
DA:481,0
DA:482,0
DA:497,0
DA:498,0
DA:500,0
DA:506,0
DA:507,0
DA:511,0
DA:513,0
DA:515,0
DA:516,0
DA:517,0
DA:518,0
DA:519,0
DA:520,0
DA:522,0
DA:524,0
DA:525,0
DA:526,0
DA:527,0
DA:531,0
DA:533,0
DA:539,0
DA:544,0
DA:550,0
DA:552,0
DA:562,0
DA:563,0
DA:565,0
LF:173
LH:80
BRDA:12,0,0,1
BRDA:15,1,0,1
BRDA:16,2,0,1
BRDA:17,3,0,2
BRDA:18,4,0,2
BRDA:19,5,0,2
BRDA:23,6,0,2
BRDA:23,6,1,0
BRDA:24,7,0,2
BRDA:24,7,1,2
BRDA:25,8,0,0
BRDA:25,8,1,2
BRDA:25,9,0,2
BRDA:25,9,1,0
BRDA:25,9,2,0
BRDA:26,10,0,0
BRDA:26,10,1,2
BRDA:26,11,0,2
BRDA:26,11,1,0
BRDA:26,11,2,0
BRDA:27,12,0,0
BRDA:27,12,1,2
BRDA:27,13,0,2
BRDA:27,13,1,0
BRDA:27,13,2,0
BRDA:51,14,0,0
BRDA:51,14,1,2
BRDA:59,15,0,1
BRDA:59,15,1,1
BRDA:66,16,0,1
BRDA:66,16,1,0
BRDA:67,17,0,1
BRDA:67,17,1,0
BRDA:68,18,0,1
BRDA:68,18,1,0
BRDA:79,19,0,0
BRDA:82,20,0,0
BRDA:83,21,0,0
BRDA:84,22,0,1
BRDA:95,23,0,0
BRDA:95,23,1,1
BRDA:101,24,0,0
BRDA:101,24,1,1
BRDA:107,25,0,1
BRDA:107,25,1,0
BRDA:108,26,0,1
BRDA:108,26,1,0
BRDA:109,27,0,1
BRDA:109,27,1,0
BRDA:137,28,0,1
BRDA:137,28,1,1
BRDA:149,29,0,1
BRDA:149,29,1,3
BRDA:164,30,0,2
BRDA:164,30,1,1
BRDA:169,31,0,2
BRDA:169,31,1,0
BRDA:177,32,0,1
BRDA:177,32,1,2
BRDA:179,33,0,1
BRDA:179,33,1,0
BRDA:187,34,0,0
BRDA:187,34,1,3
BRDA:192,35,0,0
BRDA:192,35,1,0
BRDA:200,36,0,0
BRDA:200,36,1,3
BRDA:205,37,0,0
BRDA:205,37,1,0
BRDA:212,38,0,0
BRDA:212,38,1,3
BRDA:217,39,0,0
BRDA:217,39,1,0
BRDA:225,40,0,0
BRDA:225,40,1,3
BRDA:227,41,0,0
BRDA:227,41,1,0
BRDA:235,42,0,3
BRDA:235,42,1,0
BRDA:235,43,0,3
BRDA:235,43,1,3
BRDA:238,44,0,1
BRDA:238,44,1,0
BRDA:250,45,0,1
BRDA:250,45,1,2
BRDA:280,46,0,1
BRDA:280,46,1,1
BRDA:297,47,0,1
BRDA:297,47,1,1
BRDA:315,48,0,0
BRDA:315,48,1,1
BRDA:323,49,0,1
BRDA:323,49,1,0
BRDA:323,50,0,1
BRDA:323,50,1,1
BRDA:335,51,0,0
BRDA:335,51,1,1
BRDA:335,52,0,1
BRDA:335,52,1,0
BRDA:371,53,0,0
BRDA:371,53,1,0
BRDA:379,54,0,0
BRDA:388,55,0,0
BRDA:388,55,1,0
BRDA:394,56,0,0
BRDA:394,56,1,0
BRDA:395,57,0,0
BRDA:395,57,1,0
BRDA:396,58,0,0
BRDA:396,58,1,0
BRDA:410,59,0,0
BRDA:410,59,1,0
BRDA:413,60,0,0
BRDA:413,60,1,0
BRDA:447,61,0,0
BRDA:447,61,1,0
BRDA:472,62,0,0
BRDA:472,62,1,0
BRDA:480,63,0,0
BRDA:497,64,0,0
BRDA:497,64,1,0
BRDA:511,65,0,0
BRDA:511,65,1,0
BRDA:524,66,0,0
BRDA:524,66,1,0
BRDA:525,67,0,0
BRDA:525,67,1,0
BRDA:526,68,0,0
BRDA:526,68,1,0
BRDA:550,69,0,0
BRDA:550,69,1,0
BRDA:562,70,0,0
BRDA:562,70,1,0
BRF:133
BRH:57
end_of_record
TN:
SF:src\backend\services\passwordResetService.js
FN:7,(anonymous_0)
FN:24,(anonymous_1)
FN:40,(anonymous_2)
FN:225,(anonymous_3)
FNF:4
FNH:2
FNDA:6,(anonymous_0)
FNDA:6,(anonymous_1)
FNDA:0,(anonymous_2)
FNDA:0,(anonymous_3)
DA:7,6
DA:9,6
DA:11,6
DA:13,0
DA:14,0
DA:15,0
DA:18,6
DA:19,6
DA:24,6
DA:25,6
DA:27,6
DA:28,0
DA:32,6
DA:35,6
DA:36,6
DA:38,6
DA:41,0
DA:43,0
DA:44,0
DA:45,0
DA:49,0
DA:53,0
DA:54,0
DA:59,0
DA:61,0
DA:62,0
DA:63,0
DA:64,0
DA:65,0
DA:66,0
DA:70,0
DA:72,0
DA:73,0
DA:74,0
DA:75,0
DA:77,0
DA:79,0
DA:142,0
DA:143,0
DA:145,0
DA:155,0
DA:159,0
DA:160,0
DA:161,0
DA:163,0
DA:164,0
DA:165,0
DA:168,0
DA:170,0
DA:172,0
DA:173,0
DA:174,0
DA:177,0
DA:181,0
DA:183,0
DA:184,0
DA:186,0
DA:187,0
DA:190,0
DA:194,0
DA:195,0
DA:196,0
DA:199,0
DA:200,0
DA:201,0
DA:203,0
DA:207,0
DA:209,0
DA:210,0
DA:212,0
DA:215,0
DA:220,0
DA:226,0
DA:228,0
DA:229,0
DA:230,0
DA:234,0
DA:239,0
DA:240,0
DA:244,0
DA:245,0
DA:249,0
DA:250,0
DA:254,0
DA:255,0
DA:259,0
DA:266,0
DA:272,0
DA:273,0
DA:276,0
DA:278,0
LF:91
LH:12
BRDA:11,0,0,0
BRDA:11,0,1,6
BRDA:11,1,0,6
BRDA:11,1,1,0
BRDA:11,1,2,0
BRDA:13,2,0,0
BRDA:13,2,1,0
BRDA:27,3,0,0
BRDA:27,3,1,6
BRDA:27,4,0,6
BRDA:27,4,1,0
BRDA:44,5,0,0
BRDA:44,5,1,0
BRDA:53,6,0,0
BRDA:53,6,1,0
BRDA:61,7,0,0
BRDA:61,7,1,0
BRDA:61,8,0,0
BRDA:61,8,1,0
BRDA:61,8,2,0
BRDA:75,9,0,0
BRDA:75,9,1,0
BRDA:160,10,0,0
BRDA:160,10,1,0
BRDA:160,11,0,0
BRDA:160,11,1,0
BRDA:165,12,0,0
BRDA:165,12,1,0
BRDA:170,13,0,0
BRDA:170,13,1,0
BRDA:172,14,0,0
BRDA:172,14,1,0
BRDA:172,14,2,0
BRDA:172,14,3,0
BRDA:177,15,0,0
BRDA:177,15,1,0
BRDA:177,16,0,0
BRDA:177,16,1,0
BRDA:177,16,2,0
BRDA:177,16,3,0
BRDA:183,17,0,0
BRDA:183,17,1,0
BRDA:183,18,0,0
BRDA:183,18,1,0
BRDA:186,19,0,0
BRDA:186,19,1,0
BRDA:186,20,0,0
BRDA:186,20,1,0
BRDA:194,21,0,0
BRDA:194,21,1,0
BRDA:199,22,0,0
BRDA:199,22,1,0
BRDA:199,23,0,0
BRDA:199,23,1,0
BRDA:209,24,0,0
BRDA:209,24,1,0
BRDA:229,25,0,0
BRDA:229,25,1,0
BRDA:234,26,0,0
BRDA:234,26,1,0
BRDA:239,27,0,0
BRDA:239,27,1,0
BRDA:244,28,0,0
BRDA:244,28,1,0
BRDA:244,29,0,0
BRDA:244,29,1,0
BRDA:249,30,0,0
BRDA:249,30,1,0
BRDA:254,31,0,0
BRDA:254,31,1,0
BRDA:272,32,0,0
BRDA:272,32,1,0
BRF:72
BRH:4
end_of_record
TN:
SF:src\backend\services\productService.js
FN:12,(anonymous_0)
FN:81,(anonymous_1)
FN:112,(anonymous_2)
FN:206,(anonymous_3)
FN:267,(anonymous_4)
FN:300,(anonymous_5)
FN:315,(anonymous_6)
FN:361,(anonymous_7)
FN:385,(anonymous_8)
FN:415,(anonymous_9)
FN:445,(anonymous_10)
FN:475,(anonymous_11)
FN:505,(anonymous_12)
FN:535,(anonymous_13)
FN:565,(anonymous_14)
FN:579,(anonymous_15)
FN:589,(anonymous_16)
FN:590,(anonymous_17)
FN:591,(anonymous_18)
FN:592,(anonymous_19)
FN:593,(anonymous_20)
FN:594,(anonymous_21)
FN:595,(anonymous_22)
FNF:23
FNH:8
FNDA:2,(anonymous_0)
FNDA:2,(anonymous_1)
FNDA:3,(anonymous_2)
FNDA:2,(anonymous_3)
FNDA:3,(anonymous_4)
FNDA:2,(anonymous_5)
FNDA:0,(anonymous_6)
FNDA:1,(anonymous_7)
FNDA:1,(anonymous_8)
FNDA:0,(anonymous_9)
FNDA:0,(anonymous_10)
FNDA:0,(anonymous_11)
FNDA:0,(anonymous_12)
FNDA:0,(anonymous_13)
FNDA:0,(anonymous_14)
FNDA:0,(anonymous_15)
FNDA:0,(anonymous_16)
FNDA:0,(anonymous_17)
FNDA:0,(anonymous_18)
FNDA:0,(anonymous_19)
FNDA:0,(anonymous_20)
FNDA:0,(anonymous_21)
FNDA:0,(anonymous_22)
DA:10,7
DA:13,2
DA:25,2
DA:27,2
DA:53,2
DA:54,0
DA:56,2
DA:57,0
DA:59,2
DA:61,0
DA:64,2
DA:66,2
DA:68,1
DA:76,1
DA:82,2
DA:83,2
DA:104,2
DA:105,1
DA:107,1
DA:113,3
DA:115,3
DA:118,3
DA:119,3
DA:123,3
DA:124,0
DA:126,3
DA:130,3
DA:131,2
DA:135,2
DA:136,0
DA:138,2
DA:142,3
DA:143,2
DA:148,2
DA:149,0
DA:151,2
DA:155,3
DA:156,3
DA:157,0
DA:161,3
DA:162,0
DA:166,3
DA:167,0
DA:171,3
DA:172,0
DA:175,3
DA:193,3
DA:194,1
DA:195,1
DA:198,2
DA:200,1
DA:201,1
DA:207,2
DA:208,2
DA:213,2
DA:214,2
DA:218,2
DA:219,0
DA:221,2
DA:224,2
DA:225,0
DA:229,0
DA:230,0
DA:232,0
DA:235,2
DA:236,1
DA:241,1
DA:242,0
DA:244,1
DA:247,2
DA:248,0
DA:249,0
DA:254,2
DA:255,0
DA:258,2
DA:259,0
DA:262,2
DA:263,0
DA:267,2
DA:268,3
DA:269,0
DA:273,2
DA:292,2
DA:293,1
DA:295,1
DA:301,2
DA:302,2
DA:307,2
DA:308,1
DA:310,1
DA:316,0
DA:318,0
DA:320,0
DA:321,0
DA:327,0
DA:328,0
DA:331,0
DA:353,0
DA:354,0
DA:356,0
DA:362,1
DA:363,1
DA:377,1
DA:378,1
DA:380,0
DA:386,1
DA:387,1
DA:407,1
DA:408,1
DA:410,0
DA:416,0
DA:417,0
DA:437,0
DA:438,0
DA:440,0
DA:446,0
DA:447,0
DA:467,0
DA:468,0
DA:470,0
DA:476,0
DA:477,0
DA:497,0
DA:498,0
DA:500,0
DA:506,0
DA:507,0
DA:527,0
DA:528,0
DA:530,0
DA:536,0
DA:537,0
DA:539,0
DA:540,0
DA:541,0
DA:542,0
DA:544,0
DA:548,0
DA:551,0
DA:555,0
DA:558,0
DA:560,0
DA:566,0
DA:567,0
DA:571,0
DA:572,0
DA:574,0
DA:580,0
DA:581,0
DA:585,0
DA:587,0
DA:589,0
DA:590,0
DA:591,0
DA:592,0
DA:593,0
DA:594,0
DA:595,0
DA:598,0
DA:600,0
LF:160
LH:76
BRDA:12,0,0,1
BRDA:15,1,0,1
BRDA:16,2,0,1
BRDA:17,3,0,2
BRDA:18,4,0,2
BRDA:19,5,0,2
BRDA:20,6,0,2
BRDA:21,7,0,2
BRDA:22,8,0,2
BRDA:23,9,0,2
BRDA:24,10,0,2
BRDA:53,11,0,0
BRDA:53,11,1,2
BRDA:56,12,0,0
BRDA:56,12,1,2
BRDA:59,13,0,0
BRDA:59,13,1,2
BRDA:66,14,0,1
BRDA:66,14,1,1
BRDA:69,15,0,1
BRDA:69,15,1,0
BRDA:70,16,0,1
BRDA:70,16,1,0
BRDA:71,17,0,1
BRDA:71,17,1,0
BRDA:104,18,0,1
BRDA:104,18,1,1
BRDA:118,19,0,3
BRDA:118,19,1,0
BRDA:123,20,0,0
BRDA:123,20,1,3
BRDA:130,21,0,2
BRDA:130,21,1,1
BRDA:135,22,0,0
BRDA:135,22,1,2
BRDA:142,23,0,2
BRDA:142,23,1,1
BRDA:142,24,0,3
BRDA:142,24,1,2
BRDA:148,25,0,0
BRDA:148,25,1,2
BRDA:156,26,0,0
BRDA:156,26,1,3
BRDA:156,27,0,3
BRDA:156,27,1,1
BRDA:161,28,0,0
BRDA:161,28,1,3
BRDA:161,29,0,3
BRDA:161,29,1,0
BRDA:166,30,0,0
BRDA:166,30,1,3
BRDA:171,31,0,0
BRDA:171,31,1,3
BRDA:171,32,0,3
BRDA:171,32,1,0
BRDA:193,33,0,1
BRDA:193,33,1,2
BRDA:213,34,0,2
BRDA:213,34,1,0
BRDA:218,35,0,0
BRDA:218,35,1,2
BRDA:224,36,0,0
BRDA:224,36,1,2
BRDA:229,37,0,0
BRDA:229,37,1,0
BRDA:235,38,0,1
BRDA:235,38,1,1
BRDA:235,39,0,2
BRDA:235,39,1,1
BRDA:241,40,0,0
BRDA:241,40,1,1
BRDA:247,41,0,0
BRDA:247,41,1,2
BRDA:249,42,0,0
BRDA:249,42,1,0
BRDA:254,43,0,0
BRDA:254,43,1,2
BRDA:254,44,0,2
BRDA:254,44,1,0
BRDA:258,45,0,0
BRDA:258,45,1,2
BRDA:262,46,0,0
BRDA:262,46,1,2
BRDA:262,47,0,2
BRDA:262,47,1,0
BRDA:268,48,0,0
BRDA:268,48,1,3
BRDA:292,49,0,1
BRDA:292,49,1,1
BRDA:307,50,0,1
BRDA:307,50,1,1
BRDA:320,51,0,0
BRDA:320,51,1,0
BRDA:327,52,0,0
BRDA:327,52,1,0
BRDA:353,53,0,0
BRDA:353,53,1,0
BRDA:377,54,0,0
BRDA:377,54,1,1
BRDA:407,55,0,0
BRDA:407,55,1,1
BRDA:437,56,0,0
BRDA:437,56,1,0
BRDA:467,57,0,0
BRDA:467,57,1,0
BRDA:497,58,0,0
BRDA:497,58,1,0
BRDA:527,59,0,0
BRDA:527,59,1,0
BRDA:548,60,0,0
BRDA:548,60,1,0
BRDA:571,61,0,0
BRDA:571,61,1,0
BRDA:585,62,0,0
BRDA:585,62,1,0
BRDA:594,63,0,0
BRDA:594,63,1,0
BRDA:595,64,0,0
BRDA:595,64,1,0
BRF:119
BRH:62
end_of_record
TN:
SF:src\backend\services\serviceService.js
FN:11,(anonymous_0)
FN:58,(anonymous_1)
FN:81,(anonymous_2)
FN:159,(anonymous_3)
FN:215,(anonymous_4)
FN:243,(anonymous_5)
FN:258,(anonymous_6)
FN:278,(anonymous_7)
FN:302,(anonymous_8)
FN:326,(anonymous_9)
FN:349,(anonymous_10)
FN:373,(anonymous_11)
FN:396,(anonymous_12)
FN:410,(anonymous_13)
FN:420,(anonymous_14)
FN:421,(anonymous_15)
FN:422,(anonymous_16)
FN:423,(anonymous_17)
FN:424,(anonymous_18)
FNF:19
FNH:0
FNDA:0,(anonymous_0)
FNDA:0,(anonymous_1)
FNDA:0,(anonymous_2)
FNDA:0,(anonymous_3)
FNDA:0,(anonymous_4)
FNDA:0,(anonymous_5)
FNDA:0,(anonymous_6)
FNDA:0,(anonymous_7)
FNDA:0,(anonymous_8)
FNDA:0,(anonymous_9)
FNDA:0,(anonymous_10)
FNDA:0,(anonymous_11)
FNDA:0,(anonymous_12)
FNDA:0,(anonymous_13)
FNDA:0,(anonymous_14)
FNDA:0,(anonymous_15)
FNDA:0,(anonymous_16)
FNDA:0,(anonymous_17)
FNDA:0,(anonymous_18)
DA:9,6
DA:12,0
DA:19,0
DA:21,0
DA:41,0
DA:43,0
DA:45,0
DA:53,0
DA:59,0
DA:60,0
DA:73,0
DA:74,0
DA:76,0
DA:82,0
DA:84,0
DA:87,0
DA:88,0
DA:92,0
DA:93,0
DA:95,0
DA:99,0
DA:100,0
DA:104,0
DA:105,0
DA:107,0
DA:111,0
DA:112,0
DA:116,0
DA:117,0
DA:119,0
DA:123,0
DA:124,0
DA:125,0
DA:129,0
DA:130,0
DA:134,0
DA:135,0
DA:138,0
DA:151,0
DA:152,0
DA:154,0
DA:160,0
DA:161,0
DA:166,0
DA:167,0
DA:171,0
DA:172,0
DA:174,0
DA:177,0
DA:178,0
DA:182,0
DA:183,0
DA:185,0
DA:188,0
DA:189,0
DA:193,0
DA:194,0
DA:196,0
DA:199,0
DA:200,0
DA:201,0
DA:206,0
DA:207,0
DA:210,0
DA:211,0
DA:215,0
DA:216,0
DA:217,0
DA:221,0
DA:235,0
DA:236,0
DA:238,0
DA:244,0
DA:245,0
DA:250,0
DA:251,0
DA:253,0
DA:259,0
DA:260,0
DA:270,0
DA:271,0
DA:273,0
DA:279,0
DA:280,0
DA:294,0
DA:295,0
DA:297,0
DA:303,0
DA:304,0
DA:318,0
DA:319,0
DA:321,0
DA:327,0
DA:328,0
DA:341,0
DA:342,0
DA:344,0
DA:350,0
DA:351,0
DA:365,0
DA:366,0
DA:368,0
DA:374,0
DA:375,0
DA:376,0
DA:378,0
DA:382,0
DA:385,0
DA:389,0
DA:391,0
DA:397,0
DA:398,0
DA:402,0
DA:403,0
DA:405,0
DA:411,0
DA:412,0
DA:416,0
DA:418,0
DA:420,0
DA:421,0
DA:422,0
DA:423,0
DA:424,0
DA:427,0
DA:429,0
LF:126
LH:1
BRDA:11,0,0,0
BRDA:14,1,0,0
BRDA:15,2,0,0
BRDA:16,3,0,0
BRDA:17,4,0,0
BRDA:18,5,0,0
BRDA:43,6,0,0
BRDA:43,6,1,0
BRDA:46,7,0,0
BRDA:46,7,1,0
BRDA:47,8,0,0
BRDA:47,8,1,0
BRDA:48,9,0,0
BRDA:48,9,1,0
BRDA:73,10,0,0
BRDA:73,10,1,0
BRDA:87,11,0,0
BRDA:87,11,1,0
BRDA:92,12,0,0
BRDA:92,12,1,0
BRDA:99,13,0,0
BRDA:99,13,1,0
BRDA:104,14,0,0
BRDA:104,14,1,0
BRDA:111,15,0,0
BRDA:111,15,1,0
BRDA:111,16,0,0
BRDA:111,16,1,0
BRDA:116,17,0,0
BRDA:116,17,1,0
BRDA:124,18,0,0
BRDA:124,18,1,0
BRDA:124,19,0,0
BRDA:124,19,1,0
BRDA:129,20,0,0
BRDA:129,20,1,0
BRDA:129,21,0,0
BRDA:129,21,1,0
BRDA:134,22,0,0
BRDA:134,22,1,0
BRDA:134,23,0,0
BRDA:134,23,1,0
BRDA:151,24,0,0
BRDA:151,24,1,0
BRDA:166,25,0,0
BRDA:166,25,1,0
BRDA:171,26,0,0
BRDA:171,26,1,0
BRDA:177,27,0,0
BRDA:177,27,1,0
BRDA:182,28,0,0
BRDA:182,28,1,0
BRDA:188,29,0,0
BRDA:188,29,1,0
BRDA:188,30,0,0
BRDA:188,30,1,0
BRDA:193,31,0,0
BRDA:193,31,1,0
BRDA:199,32,0,0
BRDA:199,32,1,0
BRDA:201,33,0,0
BRDA:201,33,1,0
BRDA:206,34,0,0
BRDA:206,34,1,0
BRDA:206,35,0,0
BRDA:206,35,1,0
BRDA:210,36,0,0
BRDA:210,36,1,0
BRDA:210,37,0,0
BRDA:210,37,1,0
BRDA:216,38,0,0
BRDA:216,38,1,0
BRDA:235,39,0,0
BRDA:235,39,1,0
BRDA:250,40,0,0
BRDA:250,40,1,0
BRDA:270,41,0,0
BRDA:270,41,1,0
BRDA:294,42,0,0
BRDA:294,42,1,0
BRDA:318,43,0,0
BRDA:318,43,1,0
BRDA:341,44,0,0
BRDA:341,44,1,0
BRDA:365,45,0,0
BRDA:365,45,1,0
BRDA:382,46,0,0
BRDA:382,46,1,0
BRDA:402,47,0,0
BRDA:402,47,1,0
BRDA:416,48,0,0
BRDA:416,48,1,0
BRDA:422,49,0,0
BRDA:422,49,1,0
BRDA:423,50,0,0
BRDA:423,50,1,0
BRF:96
BRH:0
end_of_record
TN:
SF:src\backend\services\storageService.js
FN:5,(anonymous_0)
FN:19,(anonymous_1)
FN:43,(anonymous_2)
FN:122,(anonymous_3)
FN:151,(anonymous_4)
FN:187,(anonymous_5)
FN:216,(anonymous_6)
FN:245,(anonymous_7)
FN:259,(anonymous_8)
FN:293,(anonymous_9)
FN:307,(anonymous_10)
FN:316,(anonymous_11)
FN:325,(anonymous_12)
FN:334,(anonymous_13)
FN:343,(anonymous_14)
FN:352,(anonymous_15)
FN:369,(anonymous_16)
FN:385,(anonymous_17)
FNF:18
FNH:0
FNDA:0,(anonymous_0)
FNDA:0,(anonymous_1)
FNDA:0,(anonymous_2)
FNDA:0,(anonymous_3)
FNDA:0,(anonymous_4)
FNDA:0,(anonymous_5)
FNDA:0,(anonymous_6)
FNDA:0,(anonymous_7)
FNDA:0,(anonymous_8)
FNDA:0,(anonymous_9)
FNDA:0,(anonymous_10)
FNDA:0,(anonymous_11)
FNDA:0,(anonymous_12)
FNDA:0,(anonymous_13)
FNDA:0,(anonymous_14)
FNDA:0,(anonymous_15)
FNDA:0,(anonymous_16)
FNDA:0,(anonymous_17)
DA:3,6
DA:6,0
DA:7,0
DA:11,0
DA:12,0
DA:14,0
DA:20,0
DA:24,0
DA:25,0
DA:27,0
DA:29,0
DA:31,0
DA:32,0
DA:33,0
DA:34,0
DA:36,0
DA:37,0
DA:44,0
DA:47,0
DA:48,0
DA:49,0
DA:50,0
DA:55,0
DA:57,0
DA:58,0
DA:60,0
DA:61,0
DA:63,0
DA:64,0
DA:67,0
DA:68,0
DA:76,0
DA:77,0
DA:79,0
DA:80,0
DA:83,0
DA:84,0
DA:86,0
DA:87,0
DA:91,0
DA:99,0
DA:100,0
DA:101,0
DA:106,0
DA:110,0
DA:116,0
DA:117,0
DA:123,0
DA:124,0
DA:125,0
DA:127,0
DA:134,0
DA:137,0
DA:141,0
DA:146,0
DA:152,0
DA:153,0
DA:155,0
DA:156,0
DA:157,0
DA:158,0
DA:160,0
DA:167,0
DA:170,0
DA:174,0
DA:180,0
DA:182,0
DA:188,0
DA:189,0
DA:190,0
DA:192,0
DA:199,0
DA:202,0
DA:206,0
DA:211,0
DA:217,0
DA:218,0
DA:219,0
DA:221,0
DA:228,0
DA:231,0
DA:235,0
DA:240,0
DA:246,0
DA:247,0
DA:251,0
DA:252,0
DA:254,0
DA:260,0
DA:262,0
DA:263,0
DA:264,0
DA:268,0
DA:269,0
DA:270,0
DA:271,0
DA:272,0
DA:273,0
DA:274,0
DA:275,0
DA:278,0
DA:281,0
DA:285,0
DA:286,0
DA:288,0
DA:294,0
DA:295,0
DA:299,0
DA:300,0
DA:302,0
DA:308,0
DA:309,0
DA:311,0
DA:317,0
DA:318,0
DA:320,0
DA:326,0
DA:327,0
DA:329,0
DA:335,0
DA:336,0
DA:338,0
DA:344,0
DA:348,0
DA:353,0
DA:354,0
DA:361,0
DA:362,0
DA:364,0
DA:370,0
DA:371,0
DA:377,0
DA:378,0
DA:380,0
DA:386,0
DA:387,0
DA:391,0
DA:392,0
DA:394,0
LF:139
LH:1
BRDA:5,0,0,0
BRDA:11,1,0,0
BRDA:11,1,1,0
BRDA:43,2,0,0
BRDA:43,3,0,0
BRDA:50,4,0,0
BRDA:50,4,1,0
BRDA:55,5,0,0
BRDA:55,5,1,0
BRDA:55,5,2,0
BRDA:55,5,3,0
BRDA:55,5,4,0
BRDA:79,6,0,0
BRDA:79,6,1,0
BRDA:99,7,0,0
BRDA:99,7,1,0
BRDA:122,8,0,0
BRDA:134,9,0,0
BRDA:134,9,1,0
BRDA:167,10,0,0
BRDA:167,10,1,0
BRDA:199,11,0,0
BRDA:199,11,1,0
BRDA:228,12,0,0
BRDA:228,12,1,0
BRDA:251,13,0,0
BRDA:251,13,1,0
BRDA:268,14,0,0
BRDA:268,14,1,0
BRDA:270,15,0,0
BRDA:270,15,1,0
BRDA:272,16,0,0
BRDA:272,16,1,0
BRDA:274,17,0,0
BRDA:274,17,1,0
BRDA:285,18,0,0
BRDA:285,18,1,0
BRDA:299,19,0,0
BRDA:299,19,1,0
BRDA:352,20,0,0
BRDA:352,21,0,0
BRDA:361,22,0,0
BRDA:361,22,1,0
BRDA:377,23,0,0
BRDA:377,23,1,0
BRDA:378,24,0,0
BRDA:378,24,1,0
BRDA:391,25,0,0
BRDA:391,25,1,0
BRF:49
BRH:0
end_of_record
TN:
SF:src\backend\services\userService.js
FN:5,(anonymous_0)
FN:25,(anonymous_1)
FN:54,(anonymous_2)
FN:76,(anonymous_3)
FN:107,(anonymous_4)
FN:108,(anonymous_5)
FN:109,(anonymous_6)
FN:120,(anonymous_7)
FN:140,(anonymous_8)
FN:161,(anonymous_9)
FNF:10
FNH:0
FNDA:0,(anonymous_0)
FNDA:0,(anonymous_1)
FNDA:0,(anonymous_2)
FNDA:0,(anonymous_3)
FNDA:0,(anonymous_4)
FNDA:0,(anonymous_5)
FNDA:0,(anonymous_6)
FNDA:0,(anonymous_7)
FNDA:0,(anonymous_8)
FNDA:0,(anonymous_9)
DA:6,0
DA:7,0
DA:12,0
DA:13,0
DA:14,0
DA:17,0
DA:19,0
DA:20,0
DA:26,0
DA:28,0
DA:33,0
DA:39,0
DA:41,0
DA:48,0
DA:49,0
DA:55,0
DA:57,0
DA:59,0
DA:61,0
DA:65,0
DA:68,0
DA:70,0
DA:71,0
DA:77,0
DA:79,0
DA:81,0
DA:82,0
DA:86,0
DA:91,0
DA:92,0
DA:93,0
DA:98,0
DA:99,0
DA:105,0
DA:107,0
DA:108,0
DA:109,0
DA:112,0
DA:114,0
DA:115,0
DA:121,0
DA:122,0
DA:128,0
DA:129,0
DA:132,0
DA:134,0
DA:135,0
DA:141,0
DA:142,0
DA:149,0
DA:150,0
DA:153,0
DA:155,0
DA:156,0
DA:162,0
DA:163,0
DA:168,0
DA:169,0
DA:172,0
DA:174,0
DA:175,0
DA:180,0
LF:62
LH:0
BRDA:12,0,0,0
BRDA:12,0,1,0
BRDA:43,1,0,0
BRDA:43,1,1,0
BRDA:59,2,0,0
BRDA:59,2,1,0
BRDA:65,3,0,0
BRDA:65,3,1,0
BRDA:68,4,0,0
BRDA:68,4,1,0
BRDA:81,5,0,0
BRDA:81,5,1,0
BRDA:81,6,0,0
BRDA:81,6,1,0
BRDA:98,7,0,0
BRDA:98,7,1,0
BRDA:106,8,0,0
BRDA:106,8,1,0
BRDA:128,9,0,0
BRDA:128,9,1,0
BRDA:149,10,0,0
BRDA:149,10,1,0
BRDA:168,11,0,0
BRDA:168,11,1,0
BRF:24
BRH:0
end_of_record
TN:
SF:src\backend\utils\helpers.js
FN:11,(anonymous_0)
FN:30,(anonymous_1)
FN:46,(anonymous_2)
FN:74,(anonymous_3)
FN:85,(anonymous_4)
FN:95,(anonymous_5)
FN:105,(anonymous_6)
FN:127,(anonymous_7)
FN:151,(anonymous_8)
FN:154,(anonymous_9)
FN:163,(anonymous_10)
FN:179,(anonymous_11)
FN:190,(anonymous_12)
FN:192,executedFunction
FN:193,(anonymous_14)
FN:209,(anonymous_15)
FN:217,(anonymous_16)
FN:227,(anonymous_17)
FN:230,(anonymous_18)
FN:249,(anonymous_19)
FN:252,(anonymous_20)
FNF:21
FNH:0
FNDA:0,(anonymous_0)
FNDA:0,(anonymous_1)
FNDA:0,(anonymous_2)
FNDA:0,(anonymous_3)
FNDA:0,(anonymous_4)
FNDA:0,(anonymous_5)
FNDA:0,(anonymous_6)
FNDA:0,(anonymous_7)
FNDA:0,(anonymous_8)
FNDA:0,(anonymous_9)
FNDA:0,(anonymous_10)
FNDA:0,(anonymous_11)
FNDA:0,(anonymous_12)
FNDA:0,executedFunction
FNDA:0,(anonymous_14)
FNDA:0,(anonymous_15)
FNDA:0,(anonymous_16)
FNDA:0,(anonymous_17)
FNDA:0,(anonymous_18)
FNDA:0,(anonymous_19)
FNDA:0,(anonymous_20)
DA:11,0
DA:12,0
DA:14,0
DA:15,0
DA:30,0
DA:31,0
DA:33,0
DA:34,0
DA:46,0
DA:47,0
DA:49,0
DA:50,0
DA:51,0
DA:53,0
DA:54,0
DA:55,0
DA:56,0
DA:57,0
DA:58,0
DA:59,0
DA:60,0
DA:61,0
DA:62,0
DA:63,0
DA:65,0
DA:74,0
DA:75,0
DA:76,0
DA:77,0
DA:85,0
DA:86,0
DA:87,0
DA:95,0
DA:96,0
DA:97,0
DA:105,0
DA:106,0
DA:109,0
DA:112,0
DA:113,0
DA:114,0
DA:115,0
DA:118,0
DA:127,0
DA:128,0
DA:130,0
DA:132,0
DA:134,0
DA:137,0
DA:140,0
DA:142,0
DA:151,0
DA:152,0
DA:154,0
DA:155,0
DA:163,0
DA:164,0
DA:179,0
DA:180,0
DA:181,0
DA:190,0
DA:192,0
DA:193,0
DA:194,0
DA:195,0
DA:197,0
DA:198,0
DA:209,0
DA:210,0
DA:211,0
DA:212,0
DA:214,0
DA:216,0
DA:217,0
DA:227,0
DA:228,0
DA:230,0
DA:231,0
DA:232,0
DA:233,0
DA:235,0
DA:240,0
DA:249,0
DA:250,0
DA:252,0
DA:253,0
DA:255,0
DA:256,0
DA:257,0
DA:260,0
DA:261,0
DA:262,0
DA:266,0
DA:267,0
DA:270,0
DA:271,0
DA:274,0
DA:275,0
DA:279,0
LF:99
LH:0
BRDA:11,0,0,0
BRDA:12,1,0,0
BRDA:12,1,1,0
BRDA:30,2,0,0
BRDA:31,3,0,0
BRDA:31,3,1,0
BRDA:47,4,0,0
BRDA:47,4,1,0
BRDA:53,5,0,0
BRDA:53,5,1,0
BRDA:55,6,0,0
BRDA:55,6,1,0
BRDA:58,7,0,0
BRDA:58,7,1,0
BRDA:61,8,0,0
BRDA:61,8,1,0
BRDA:63,9,0,0
BRDA:63,9,1,0
BRDA:74,10,0,0
BRDA:106,11,0,0
BRDA:106,11,1,0
BRDA:112,12,0,0
BRDA:112,12,1,0
BRDA:114,13,0,0
BRDA:114,13,1,0
BRDA:127,14,0,0
BRDA:128,15,0,0
BRDA:128,15,1,0
BRDA:128,16,0,0
BRDA:128,16,1,0
BRDA:132,17,0,0
BRDA:132,17,1,0
BRDA:134,18,0,0
BRDA:134,18,1,0
BRDA:134,18,2,0
BRDA:134,18,3,0
BRDA:134,18,4,0
BRDA:152,19,0,0
BRDA:152,19,1,0
BRDA:152,20,0,0
BRDA:152,20,1,0
BRDA:179,21,0,0
BRDA:180,22,0,0
BRDA:180,22,1,0
BRDA:180,23,0,0
BRDA:180,23,1,0
BRDA:209,24,0,0
BRDA:209,25,0,0
BRDA:214,26,0,0
BRDA:214,26,1,0
BRDA:231,27,0,0
BRDA:231,27,1,0
BRDA:231,28,0,0
BRDA:231,28,1,0
BRDA:232,29,0,0
BRDA:232,29,1,0
BRDA:255,30,0,0
BRDA:255,30,1,0
BRDA:255,31,0,0
BRDA:255,31,1,0
BRDA:255,31,2,0
BRDA:255,31,3,0
BRDA:260,32,0,0
BRDA:260,32,1,0
BRDA:260,33,0,0
BRDA:260,33,1,0
BRDA:261,34,0,0
BRDA:261,34,1,0
BRDA:266,35,0,0
BRDA:266,35,1,0
BRDA:266,36,0,0
BRDA:266,36,1,0
BRDA:266,36,2,0
BRDA:270,37,0,0
BRDA:270,37,1,0
BRDA:270,38,0,0
BRDA:270,38,1,0
BRDA:270,38,2,0
BRDA:274,39,0,0
BRDA:274,39,1,0
BRDA:274,40,0,0
BRDA:274,40,1,0
BRDA:274,40,2,0
BRF:83
BRH:0
end_of_record
TN:
SF:src\components\AuthGuard.jsx
FN:5,AuthGuard
FN:8,(anonymous_1)
FNF:2
FNH:0
FNDA:0,AuthGuard
FNDA:0,(anonymous_1)
DA:6,0
DA:8,0
DA:9,0
DA:10,0
DA:14,0
DA:15,0
DA:23,0
DA:24,0
DA:27,0
LF:9
LH:0
BRDA:9,0,0,0
BRDA:9,0,1,0
BRDA:9,1,0,0
BRDA:9,1,1,0
BRDA:14,2,0,0
BRDA:14,2,1,0
BRDA:23,3,0,0
BRDA:23,3,1,0
BRF:8
BRH:0
end_of_record
TN:
SF:src\components\ErrorBoundary.jsx
FN:10,(anonymous_0)
FN:15,(anonymous_1)
FN:20,(anonymous_2)
FN:27,(anonymous_3)
FN:31,(anonymous_4)
FNF:5
FNH:0
FNDA:0,(anonymous_0)
FNDA:0,(anonymous_1)
FNDA:0,(anonymous_2)
FNDA:0,(anonymous_3)
FNDA:0,(anonymous_4)
DA:11,0
DA:12,0
DA:17,0
DA:22,0
DA:23,0
DA:27,0
DA:28,0
DA:32,0
DA:34,0
DA:60,0
DA:64,0
LF:11
LH:0
BRDA:22,0,0,0
BRDA:22,0,1,0
BRDA:32,1,0,0
BRDA:32,1,1,0
BRF:4
BRH:0
end_of_record
TN:
SF:src\components\GlobalErrorHandler.jsx
FN:8,(anonymous_0)
FN:9,(anonymous_1)
FN:11,(anonymous_2)
FN:22,(anonymous_3)
FNF:4
FNH:0
FNDA:0,(anonymous_0)
FNDA:0,(anonymous_1)
FNDA:0,(anonymous_2)
FNDA:0,(anonymous_3)
DA:8,0
DA:9,0
DA:11,0
DA:12,0
DA:13,0
DA:15,0
DA:19,0
DA:22,0
DA:23,0
DA:24,0
DA:29,0
LF:11
LH:0
BRDA:12,0,0,0
BRDA:12,0,1,0
BRDA:23,1,0,0
BRDA:23,1,1,0
BRF:4
BRH:0
end_of_record
TN:
SF:src\components\NotificationManager.jsx
FN:10,(anonymous_0)
FN:22,(anonymous_1)
FN:25,(anonymous_2)
FN:44,(anonymous_3)
FNF:4
FNH:0
FNDA:0,(anonymous_0)
FNDA:0,(anonymous_1)
FNDA:0,(anonymous_2)
FNDA:0,(anonymous_3)
DA:10,0
DA:11,0
DA:12,0
DA:15,0
DA:16,0
DA:19,0
DA:22,0
DA:23,0
DA:25,0
DA:26,0
DA:27,0
DA:30,0
DA:33,0
DA:34,0
DA:37,0
DA:42,0
DA:44,0
DA:53,0
LF:18
LH:0
BRDA:23,0,0,0
BRDA:23,0,1,0
BRF:2
BRH:0
end_of_record
TN:
SF:src\components\SafeAreaWrapper.jsx
FN:9,(anonymous_0)
FNF:1
FNH:0
FNDA:0,(anonymous_0)
DA:9,0
DA:15,0
DA:17,0
DA:26,0
LF:4
LH:0
BRDA:12,0,0,0
BRDA:13,1,0,0
BRDA:20,2,0,0
BRDA:20,2,1,0
BRDA:21,3,0,0
BRDA:21,3,1,0
BRDA:22,4,0,0
BRDA:22,4,1,0
BRDA:23,5,0,0
BRDA:23,5,1,0
BRF:10
BRH:0
end_of_record
TN:
SF:src\components\ScreenWrapper.jsx
FN:9,(anonymous_0)
FNF:1
FNH:0
FNDA:0,(anonymous_0)
DA:9,0
DA:15,0
DA:17,0
DA:29,0
DA:36,0
LF:5
LH:0
BRDA:12,0,0,0
BRDA:13,1,0,0
BRDA:21,2,0,0
BRDA:21,2,1,0
BRDA:22,3,0,0
BRDA:22,3,1,0
BRDA:23,4,0,0
BRDA:23,4,1,0
BRDA:24,5,0,0
BRDA:24,5,1,0
BRF:10
BRH:0
end_of_record
TN:
SF:src\components\Skeleton.jsx
FN:11,(anonymous_0)
FN:14,(anonymous_1)
FN:23,(anonymous_2)
FN:66,(anonymous_3)
FN:78,(anonymous_4)
FN:92,(anonymous_5)
FNF:6
FNH:0
FNDA:0,(anonymous_0)
FNDA:0,(anonymous_1)
FNDA:0,(anonymous_2)
FNDA:0,(anonymous_3)
FNDA:0,(anonymous_4)
FNDA:0,(anonymous_5)
DA:5,0
DA:11,0
DA:12,0
DA:14,0
DA:15,0
DA:22,0
DA:23,0
DA:26,0
DA:31,0
DA:66,0
DA:67,0
DA:78,0
DA:79,0
DA:92,0
DA:93,0
DA:103,0
LF:16
LH:0
BRDA:11,0,0,0
BRDA:36,1,0,0
BRDA:36,1,1,0
BRDA:37,2,0,0
BRDA:37,2,1,0
BRDA:78,3,0,0
BRF:6
BRH:0
end_of_record
TN:
SF:src\components\admin\AdminCard.jsx
FN:5,AdminCard
FNF:1
FNH:0
FNDA:0,AdminCard
DA:14,0
DA:36,0
LF:2
LH:0
BRDA:10,0,0,0
BRDA:26,1,0,0
BRDA:26,1,1,0
BRDA:29,2,0,0
BRDA:29,2,1,0
BRF:5
BRH:0
end_of_record
TN:
SF:src\components\admin\AdminHeader.jsx
FN:5,AdminHeader
FNF:1
FNH:0
FNDA:0,AdminHeader
DA:13,0
DA:42,0
LF:2
LH:0
BRDA:10,0,0,0
BRDA:11,1,0,0
BRDA:16,2,0,0
BRDA:16,2,1,0
BRDA:26,3,0,0
BRDA:26,3,1,0
BRDA:30,4,0,0
BRDA:30,4,1,0
BRF:8
BRH:0
end_of_record
TN:
SF:src\components\admin\AdminMenu.jsx
FN:5,AdminMenu
FN:57,(anonymous_1)
FN:61,(anonymous_2)
FN:67,(anonymous_3)
FN:90,(anonymous_4)
FNF:5
FNH:0
FNDA:0,AdminMenu
FNDA:0,(anonymous_1)
FNDA:0,(anonymous_2)
FNDA:0,(anonymous_3)
FNDA:0,(anonymous_4)
DA:6,0
DA:57,0
DA:58,0
DA:61,0
DA:62,0
DA:64,0
DA:67,0
DA:83,0
DA:91,0
DA:98,0
LF:10
LH:0
BRDA:66,0,0,0
BRDA:66,0,1,0
BRDA:69,1,0,0
BRDA:69,1,1,0
BRDA:73,2,0,0
BRDA:73,2,1,0
BRDA:76,3,0,0
BRDA:76,3,1,0
BRF:8
BRH:0
end_of_record
TN:
SF:src\components\admin\AdminNotificationCenter.jsx
FN:7,AdminNotificationCenter
FN:19,(anonymous_1)
FN:51,(anonymous_2)
FN:59,(anonymous_3)
FN:72,(anonymous_4)
FN:93,(anonymous_5)
FN:101,(anonymous_6)
FN:110,(anonymous_7)
FN:127,(anonymous_8)
FNF:9
FNH:0
FNDA:0,AdminNotificationCenter
FNDA:0,(anonymous_1)
FNDA:0,(anonymous_2)
FNDA:0,(anonymous_3)
FNDA:0,(anonymous_4)
FNDA:0,(anonymous_5)
FNDA:0,(anonymous_6)
FNDA:0,(anonymous_7)
FNDA:0,(anonymous_8)
DA:13,0
DA:15,0
DA:19,0
DA:20,0
DA:24,0
DA:27,0
DA:28,0
DA:32,0
DA:33,0
DA:38,0
DA:41,0
DA:44,0
DA:46,0
DA:47,0
DA:51,0
DA:52,0
DA:60,0
DA:67,0
DA:73,0
DA:74,0
DA:93,0
DA:101,0
DA:111,0
DA:128,0
DA:129,0
DA:142,0
LF:26
LH:0
BRDA:27,0,0,0
BRDA:27,0,1,0
BRDA:27,1,0,0
BRDA:27,1,1,0
BRDA:28,2,0,0
BRDA:28,2,1,0
BRDA:79,3,0,0
BRDA:79,3,1,0
BRDA:82,4,0,0
BRDA:82,4,1,0
BRDA:109,5,0,0
BRDA:109,5,1,0
BRF:12
BRH:0
end_of_record
TN:
SF:src\components\admin\AdminNotificationManager.jsx
FN:4,(anonymous_0)
FNF:1
FNH:0
FNDA:0,(anonymous_0)
DA:4,0
DA:10,0
DA:13,0
LF:3
LH:0
BRF:0
BRH:0
end_of_record
TN:
SF:src\components\admin\AdminTable.jsx
FN:5,AdminTable
FN:13,(anonymous_1)
FN:24,(anonymous_2)
FN:28,(anonymous_3)
FN:30,(anonymous_4)
FN:41,(anonymous_5)
FN:49,(anonymous_6)
FN:63,(anonymous_7)
FN:77,(anonymous_8)
FNF:9
FNH:0
FNDA:0,AdminTable
FNDA:0,(anonymous_1)
FNDA:0,(anonymous_2)
FNDA:0,(anonymous_3)
FNDA:0,(anonymous_4)
FNDA:0,(anonymous_5)
FNDA:0,(anonymous_6)
FNDA:0,(anonymous_7)
FNDA:0,(anonymous_8)
DA:13,0
DA:14,0
DA:15,0
DA:17,0
DA:24,0
DA:25,0
DA:28,0
DA:31,0
DA:41,0
DA:49,0
DA:59,0
DA:64,0
DA:77,0
DA:83,0
LF:14
LH:0
BRDA:14,0,0,0
BRDA:14,0,1,0
BRDA:28,1,0,0
BRDA:28,1,1,0
BRDA:31,2,0,0
BRDA:31,2,1,0
BRDA:36,3,0,0
BRDA:36,3,1,0
BRDA:36,3,2,0
BRDA:38,4,0,0
BRDA:38,4,1,0
BRDA:46,5,0,0
BRDA:46,5,1,0
BRDA:64,6,0,0
BRDA:64,6,1,0
BRDA:68,7,0,0
BRDA:68,7,1,0
BRDA:68,7,2,0
BRF:18
BRH:0
end_of_record
TN:
SF:src\components\ui\Badge.jsx
FN:13,(anonymous_0)
FNF:1
FNH:0
FNDA:0,(anonymous_0)
DA:13,0
DA:20,0
DA:30,0
LF:3
LH:0
BRDA:15,0,0,0
BRDA:16,1,0,0
BRF:2
BRH:0
end_of_record
TN:
SF:src\components\ui\Button.jsx
FN:20,(anonymous_0)
FN:34,(anonymous_1)
FNF:2
FNH:0
FNDA:0,(anonymous_0)
FNDA:0,(anonymous_1)
DA:20,0
DA:34,0
DA:35,0
DA:37,0
DA:38,0
DA:40,0
DA:43,0
DA:46,0
DA:66,0
LF:9
LH:0
BRDA:21,0,0,0
BRDA:22,1,0,0
BRDA:23,2,0,0
BRDA:24,3,0,0
BRDA:30,4,0,0
BRDA:37,5,0,0
BRDA:37,5,1,0
BRDA:50,6,0,0
BRDA:50,6,1,0
BRDA:53,7,0,0
BRDA:53,7,1,0
BRDA:57,8,0,0
BRDA:57,8,1,0
BRDA:57,8,2,0
BRDA:59,9,0,0
BRDA:59,9,1,0
BRDA:59,9,2,0
BRF:17
BRH:0
end_of_record
TN:
SF:src\components\ui\Card.jsx
FN:19,(anonymous_0)
FNF:1
FNH:0
FNDA:0,(anonymous_0)
DA:19,0
DA:32,0
DA:33,0
DA:35,0
DA:46,0
DA:51,0
DA:65,0
LF:7
LH:0
BRDA:21,0,0,0
BRDA:22,1,0,0
BRDA:26,2,0,0
BRDA:37,3,0,0
BRDA:37,3,1,0
BRDA:38,4,0,0
BRDA:38,4,1,0
BRDA:39,5,0,0
BRDA:39,5,1,0
BRDA:40,6,0,0
BRDA:40,6,1,0
BRDA:41,7,0,0
BRDA:41,7,1,0
BRDA:42,8,0,0
BRDA:42,8,1,0
BRF:15
BRH:0
end_of_record
TN:
SF:src\components\ui\CategoryCard.jsx
FN:15,CategoryCard
FN:24,(anonymous_1)
FN:32,(anonymous_2)
FN:40,(anonymous_3)
FNF:4
FNH:0
FNDA:0,CategoryCard
FNDA:0,(anonymous_1)
FNDA:0,(anonymous_2)
FNDA:0,(anonymous_3)
DA:13,0
DA:21,0
DA:22,0
DA:24,0
DA:25,0
DA:26,0
DA:32,0
DA:33,0
DA:34,0
DA:40,0
DA:41,0
DA:44,0
DA:98,0
LF:13
LH:0
BRDA:19,0,0,0
BRDA:41,1,0,0
BRDA:41,1,1,0
BRDA:55,2,0,0
BRDA:55,2,1,0
BRDA:61,3,0,0
BRDA:61,3,1,0
BRDA:70,4,0,0
BRDA:70,4,1,0
BRDA:77,5,0,0
BRDA:77,5,1,0
BRDA:80,6,0,0
BRDA:80,6,1,0
BRDA:83,7,0,0
BRDA:83,7,1,0
BRDA:90,8,0,0
BRDA:90,8,1,0
BRF:17
BRH:0
end_of_record
TN:
SF:src\components\ui\ComponentDemo.jsx
FN:18,ComponentDemo
FN:23,(anonymous_1)
FN:25,(anonymous_2)
FN:53,(anonymous_3)
FNF:4
FNH:0
FNDA:0,ComponentDemo
FNDA:0,(anonymous_1)
FNDA:0,(anonymous_2)
FNDA:0,(anonymous_3)
DA:19,0
DA:20,0
DA:21,0
DA:23,0
DA:24,0
DA:25,0
DA:28,0
DA:53,0
DA:169,0
LF:9
LH:0
BRDA:124,0,0,0
BRDA:124,0,1,0
BRF:2
BRH:0
end_of_record
TN:
SF:src\components\ui\Container.jsx
FN:19,(anonymous_0)
FN:32,(anonymous_1)
FN:46,(anonymous_2)
FN:60,(anonymous_3)
FN:74,(anonymous_4)
FN:90,(anonymous_5)
FNF:6
FNH:0
FNDA:0,(anonymous_0)
FNDA:0,(anonymous_1)
FNDA:0,(anonymous_2)
FNDA:0,(anonymous_3)
FNDA:0,(anonymous_4)
FNDA:0,(anonymous_5)
DA:19,0
DA:32,0
DA:33,0
DA:35,0
DA:42,0
DA:46,0
DA:47,0
DA:49,0
DA:56,0
DA:60,0
DA:61,0
DA:63,0
DA:65,0
DA:67,0
DA:69,0
DA:74,0
DA:75,0
DA:77,0
DA:90,0
DA:91,0
DA:93,0
DA:98,0
DA:121,0
LF:23
LH:0
BRDA:21,0,0,0
BRDA:22,1,0,0
BRDA:23,2,0,0
BRDA:24,3,0,0
BRDA:26,4,0,0
BRDA:33,5,0,0
BRDA:33,5,1,0
BRDA:42,6,0,0
BRDA:42,6,1,0
BRDA:47,7,0,0
BRDA:47,7,1,0
BRDA:56,8,0,0
BRDA:56,8,1,0
BRDA:61,9,0,0
BRDA:61,9,1,0
BRDA:61,9,2,0
BRDA:61,9,3,0
BRDA:75,10,0,0
BRDA:75,10,1,0
BRDA:91,11,0,0
BRDA:91,11,1,0
BRDA:106,12,0,0
BRDA:106,12,1,0
BRDA:107,13,0,0
BRDA:107,13,1,0
BRF:25
BRH:0
end_of_record
TN:
SF:src\components\ui\Divider.jsx
FN:16,(anonymous_0)
FN:26,(anonymous_1)
FNF:2
FNH:0
FNDA:0,(anonymous_0)
FNDA:0,(anonymous_1)
DA:16,0
DA:26,0
DA:27,0
DA:32,0
DA:33,0
DA:42,0
DA:49,0
DA:51,0
DA:59,0
DA:67,0
DA:71,0
DA:80,0
LF:12
LH:0
BRDA:17,0,0,0
BRDA:18,1,0,0
BRDA:19,2,0,0
BRDA:20,3,0,0
BRDA:21,4,0,0
BRDA:32,5,0,0
BRDA:32,5,1,0
BRDA:49,6,0,0
BRDA:49,6,1,0
BRDA:49,6,2,0
BRF:10
BRH:0
end_of_record
TN:
SF:src\components\ui\EmptyNotifications.jsx
FN:9,(anonymous_0)
FN:13,(anonymous_1)
FNF:2
FNH:0
FNDA:0,(anonymous_0)
FNDA:0,(anonymous_1)
DA:9,0
DA:13,0
DA:14,0
DA:15,0
DA:21,0
DA:22,0
DA:28,0
DA:37,0
DA:39,0
DA:48,0
LF:10
LH:0
BRDA:10,0,0,0
BRDA:11,1,0,0
BRDA:14,2,0,0
BRDA:14,2,1,0
BRDA:21,3,0,0
BRDA:21,3,1,0
BRF:6
BRH:0
end_of_record
TN:
SF:src\components\ui\FarmCard.jsx
FN:15,FarmCard
FN:49,(anonymous_1)
FN:62,(anonymous_2)
FN:70,(anonymous_3)
FN:78,(anonymous_4)
FN:89,(anonymous_5)
FN:94,(anonymous_6)
FN:102,(anonymous_7)
FN:110,(anonymous_8)
FN:112,(anonymous_9)
FN:142,(anonymous_10)
FN:143,(anonymous_11)
FN:167,(anonymous_12)
FN:229,(anonymous_13)
FN:237,(anonymous_14)
FN:243,(anonymous_15)
FNF:16
FNH:0
FNDA:0,FarmCard
FNDA:0,(anonymous_1)
FNDA:0,(anonymous_2)
FNDA:0,(anonymous_3)
FNDA:0,(anonymous_4)
FNDA:0,(anonymous_5)
FNDA:0,(anonymous_6)
FNDA:0,(anonymous_7)
FNDA:0,(anonymous_8)
FNDA:0,(anonymous_9)
FNDA:0,(anonymous_10)
FNDA:0,(anonymous_11)
FNDA:0,(anonymous_12)
FNDA:0,(anonymous_13)
FNDA:0,(anonymous_14)
FNDA:0,(anonymous_15)
DA:24,0
DA:25,0
DA:26,0
DA:28,0
DA:34,0
DA:40,0
DA:46,0
DA:47,0
DA:49,0
DA:50,0
DA:51,0
DA:52,0
DA:54,0
DA:62,0
DA:63,0
DA:64,0
DA:66,0
DA:70,0
DA:71,0
DA:72,0
DA:74,0
DA:78,0
DA:79,0
DA:80,0
DA:81,0
DA:84,0
DA:86,0
DA:87,0
DA:89,0
DA:92,0
DA:94,0
DA:99,0
DA:100,0
DA:102,0
DA:107,0
DA:108,0
DA:111,0
DA:112,0
DA:118,0
DA:119,0
DA:124,0
DA:127,0
DA:132,0
DA:140,0
DA:142,0
DA:143,0
DA:168,0
DA:229,0
DA:230,0
DA:237,0
DA:238,0
DA:239,0
DA:240,0
DA:243,0
DA:244,0
DA:245,0
DA:253,0
DA:256,0
LF:58
LH:0
BRDA:22,0,0,0
BRDA:29,1,0,0
BRDA:29,1,1,0
BRDA:30,2,0,0
BRDA:30,2,1,0
BRDA:31,3,0,0
BRDA:31,3,1,0
BRDA:35,4,0,0
BRDA:35,4,1,0
BRDA:36,5,0,0
BRDA:36,5,1,0
BRDA:37,6,0,0
BRDA:37,6,1,0
BRDA:40,7,0,0
BRDA:40,7,1,0
BRDA:47,8,0,0
BRDA:47,8,1,0
BRDA:55,9,0,0
BRDA:55,9,1,0
BRDA:56,10,0,0
BRDA:56,10,1,0
BRDA:63,11,0,0
BRDA:63,11,1,0
BRDA:66,12,0,0
BRDA:66,12,1,0
BRDA:71,13,0,0
BRDA:71,13,1,0
BRDA:74,14,0,0
BRDA:74,14,1,0
BRDA:86,15,0,0
BRDA:86,15,1,0
BRDA:99,16,0,0
BRDA:99,16,1,0
BRDA:107,17,0,0
BRDA:107,17,1,0
BRDA:111,18,0,0
BRDA:111,18,1,0
BRDA:118,19,0,0
BRDA:118,19,1,0
BRDA:181,20,0,0
BRDA:181,20,1,0
BRDA:192,21,0,0
BRDA:192,21,1,0
BRDA:200,22,0,0
BRDA:200,22,1,0
BRDA:238,23,0,0
BRDA:238,23,1,0
BRDA:239,24,0,0
BRDA:239,24,1,0
BRDA:244,25,0,0
BRDA:244,25,1,0
BRDA:253,26,0,0
BRDA:253,26,1,0
BRF:53
BRH:0
end_of_record
TN:
SF:src\components\ui\Icon.jsx
FN:18,(anonymous_0)
FN:29,(anonymous_1)
FN:40,(anonymous_2)
FN:56,(anonymous_3)
FNF:4
FNH:0
FNDA:0,(anonymous_0)
FNDA:0,(anonymous_1)
FNDA:0,(anonymous_2)
FNDA:0,(anonymous_3)
DA:18,0
DA:29,0
DA:30,0
DA:32,0
DA:33,0
DA:36,0
DA:40,0
DA:41,0
DA:42,0
DA:50,0
DA:52,0
DA:56,0
DA:57,0
DA:67,0
DA:68,0
DA:69,0
DA:81,0
DA:85,0
LF:18
LH:0
BRDA:20,0,0,0
BRDA:25,1,0,0
BRDA:30,2,0,0
BRDA:30,2,1,0
BRDA:32,3,0,0
BRDA:32,3,1,0
BRDA:33,4,0,0
BRDA:33,4,1,0
BRDA:41,5,0,0
BRDA:41,5,1,0
BRDA:50,6,0,0
BRDA:50,6,1,0
BRDA:67,7,0,0
BRDA:67,7,1,0
BRDA:67,8,0,0
BRDA:67,8,1,0
BRF:16
BRH:0
end_of_record
TN:
SF:src\components\ui\Image.jsx
FN:20,(anonymous_0)
FN:38,(anonymous_1)
FN:43,(anonymous_2)
FN:47,(anonymous_3)
FN:52,(anonymous_4)
FN:59,(anonymous_5)
FN:84,(anonymous_6)
FN:99,(anonymous_7)
FN:106,(anonymous_8)
FNF:9
FNH:0
FNDA:0,(anonymous_0)
FNDA:0,(anonymous_1)
FNDA:0,(anonymous_2)
FNDA:0,(anonymous_3)
FNDA:0,(anonymous_4)
FNDA:0,(anonymous_5)
FNDA:0,(anonymous_6)
FNDA:0,(anonymous_7)
FNDA:0,(anonymous_8)
DA:20,0
DA:34,0
DA:35,0
DA:38,0
DA:39,0
DA:40,0
DA:43,0
DA:44,0
DA:47,0
DA:48,0
DA:49,0
DA:52,0
DA:53,0
DA:54,0
DA:55,0
DA:59,0
DA:60,0
DA:62,0
DA:64,0
DA:66,0
DA:72,0
DA:77,0
DA:84,0
DA:85,0
DA:99,0
DA:100,0
DA:106,0
DA:107,0
DA:116,0
DA:117,0
DA:120,0
DA:129,0
LF:32
LH:0
BRDA:23,0,0,0
BRDA:26,1,0,0
BRDA:27,2,0,0
BRDA:60,3,0,0
BRDA:60,3,1,0
BRDA:60,3,2,0
BRDA:60,3,3,0
BRDA:64,4,0,0
BRDA:64,4,1,0
BRDA:64,5,0,0
BRDA:64,5,1,0
BRDA:116,6,0,0
BRDA:116,6,1,0
BRDA:123,7,0,0
BRDA:123,7,1,0
BRDA:123,7,2,0
BRF:16
BRH:0
end_of_record
TN:
SF:src\components\ui\ImagePreviewModal.jsx
FN:18,ImagePreviewModal
FN:25,(anonymous_1)
FN:34,(anonymous_2)
FN:77,(anonymous_3)
FN:78,(anonymous_4)
FN:86,(anonymous_5)
FN:91,(anonymous_6)
FNF:7
FNH:0
FNDA:0,ImagePreviewModal
FNDA:0,(anonymous_1)
FNDA:0,(anonymous_2)
FNDA:0,(anonymous_3)
FNDA:0,(anonymous_4)
FNDA:0,(anonymous_5)
FNDA:0,(anonymous_6)
DA:16,0
DA:25,0
DA:26,0
DA:27,0
DA:28,0
DA:31,0
DA:32,0
DA:34,0
DA:35,0
DA:36,0
DA:37,0
DA:38,0
DA:46,0
DA:47,0
DA:50,0
DA:77,0
DA:79,0
DA:87,0
DA:88,0
DA:91,0
DA:103,0
LF:21
LH:0
BRDA:20,0,0,0
BRDA:21,1,0,0
BRDA:26,2,0,0
BRDA:26,2,1,0
BRDA:27,3,0,0
BRDA:27,3,1,0
BRDA:35,4,0,0
BRDA:35,4,1,0
BRDA:37,5,0,0
BRDA:37,5,1,0
BRDA:46,6,0,0
BRDA:46,6,1,0
BRDA:46,7,0,0
BRDA:46,7,1,0
BRDA:66,8,0,0
BRDA:66,8,1,0
BRF:16
BRH:0
end_of_record
TN:
SF:src\components\ui\Input.jsx
FN:29,(anonymous_0)
FN:54,(anonymous_1)
FN:77,(anonymous_2)
FN:82,(anonymous_3)
FN:93,(anonymous_4)
FN:150,(anonymous_5)
FN:151,(anonymous_6)
FNF:7
FNH:0
FNDA:0,(anonymous_0)
FNDA:0,(anonymous_1)
FNDA:0,(anonymous_2)
FNDA:0,(anonymous_3)
FNDA:0,(anonymous_4)
FNDA:0,(anonymous_5)
FNDA:0,(anonymous_6)
DA:29,0
DA:50,0
DA:51,0
DA:54,0
DA:55,0
DA:57,0
DA:58,0
DA:59,0
DA:60,0
DA:61,0
DA:62,0
DA:65,0
DA:66,0
DA:69,0
DA:70,0
DA:73,0
DA:77,0
DA:78,0
DA:82,0
DA:83,0
DA:85,0
DA:93,0
DA:94,0
DA:95,0
DA:110,0
DA:111,0
DA:122,0
DA:125,0
DA:150,0
DA:151,0
DA:167,0
LF:31
LH:0
BRDA:35,0,0,0
BRDA:36,1,0,0
BRDA:37,2,0,0
BRDA:38,3,0,0
BRDA:39,4,0,0
BRDA:41,5,0,0
BRDA:42,6,0,0
BRDA:57,7,0,0
BRDA:57,7,1,0
BRDA:59,8,0,0
BRDA:59,8,1,0
BRDA:61,9,0,0
BRDA:61,9,1,0
BRDA:65,10,0,0
BRDA:65,10,1,0
BRDA:69,11,0,0
BRDA:69,11,1,0
BRDA:69,12,0,0
BRDA:69,12,1,0
BRDA:83,13,0,0
BRDA:83,13,1,0
BRDA:94,14,0,0
BRDA:94,14,1,0
BRDA:102,15,0,0
BRDA:102,15,1,0
BRDA:110,16,0,0
BRDA:110,16,1,0
BRDA:128,17,0,0
BRDA:128,17,1,0
BRDA:129,18,0,0
BRDA:129,18,1,0
BRDA:145,19,0,0
BRDA:145,19,1,0
BRDA:159,20,0,0
BRDA:159,20,1,0
BRF:35
BRH:0
end_of_record
TN:
SF:src\components\ui\InvoiceModal.jsx
FN:29,InvoiceModal
FN:35,(anonymous_1)
FN:36,(anonymous_2)
FN:79,(anonymous_3)
FN:130,(anonymous_4)
FN:188,(anonymous_5)
FN:193,(anonymous_6)
FN:197,(anonymous_7)
FNF:8
FNH:0
FNDA:0,InvoiceModal
FNDA:0,(anonymous_1)
FNDA:0,(anonymous_2)
FNDA:0,(anonymous_3)
FNDA:0,(anonymous_4)
FNDA:0,(anonymous_5)
FNDA:0,(anonymous_6)
FNDA:0,(anonymous_7)
DA:21,0
DA:22,0
DA:23,0
DA:25,0
DA:26,0
DA:30,0
DA:31,0
DA:32,0
DA:35,0
DA:36,0
DA:37,0
DA:38,0
DA:39,0
DA:40,0
DA:43,0
DA:45,0
DA:46,0
DA:49,0
DA:50,0
DA:51,0
DA:52,0
DA:54,0
DA:57,0
DA:58,0
DA:61,0
DA:62,0
DA:65,0
DA:69,0
DA:70,0
DA:74,0
DA:76,0
DA:77,0
DA:79,0
DA:80,0
DA:81,0
DA:84,0
DA:87,0
DA:95,0
DA:97,0
DA:99,0
DA:106,0
DA:107,0
DA:112,0
DA:119,0
DA:120,0
DA:126,0
DA:130,0
DA:131,0
DA:133,0
DA:135,0
DA:139,0
DA:189,0
DA:190,0
DA:191,0
DA:194,0
DA:195,0
DA:198,0
DA:222,0
LF:58
LH:0
BRDA:23,0,0,0
BRDA:23,0,1,0
BRDA:40,1,0,0
BRDA:40,1,1,0
BRDA:69,2,0,0
BRDA:69,2,1,0
BRDA:74,3,0,0
BRDA:74,3,1,0
BRDA:97,4,0,0
BRDA:97,4,1,0
BRDA:153,5,0,0
BRDA:153,5,1,0
BRDA:162,6,0,0
BRDA:162,6,1,0
BRDA:181,7,0,0
BRDA:181,7,1,0
BRF:16
BRH:0
end_of_record
TN:
SF:src\components\ui\Loader.jsx
FN:15,(anonymous_0)
FN:25,(anonymous_1)
FN:31,(anonymous_2)
FN:41,(anonymous_3)
FN:51,(anonymous_4)
FN:71,(anonymous_5)
FN:73,(anonymous_6)
FN:74,(anonymous_7)
FN:95,(anonymous_8)
FN:117,(anonymous_9)
FN:126,(anonymous_10)
FN:128,(anonymous_11)
FN:146,(anonymous_12)
FN:162,(anonymous_13)
FN:174,(anonymous_14)
FNF:15
FNH:0
FNDA:0,(anonymous_0)
FNDA:0,(anonymous_1)
FNDA:0,(anonymous_2)
FNDA:0,(anonymous_3)
FNDA:0,(anonymous_4)
FNDA:0,(anonymous_5)
FNDA:0,(anonymous_6)
FNDA:0,(anonymous_7)
FNDA:0,(anonymous_8)
FNDA:0,(anonymous_9)
FNDA:0,(anonymous_10)
FNDA:0,(anonymous_11)
FNDA:0,(anonymous_12)
FNDA:0,(anonymous_13)
FNDA:0,(anonymous_14)
DA:15,0
DA:25,0
DA:26,0
DA:27,0
DA:31,0
DA:32,0
DA:37,0
DA:41,0
DA:42,0
DA:47,0
DA:51,0
DA:52,0
DA:57,0
DA:61,0
DA:68,0
DA:71,0
DA:72,0
DA:73,0
DA:74,0
DA:75,0
DA:90,0
DA:93,0
DA:94,0
DA:95,0
DA:96,0
DA:112,0
DA:117,0
DA:118,0
DA:126,0
DA:127,0
DA:129,0
DA:146,0
DA:147,0
DA:162,0
DA:163,0
DA:165,0
DA:167,0
DA:169,0
DA:174,0
DA:175,0
DA:177,0
DA:191,0
DA:192,0
DA:203,0
DA:212,0
LF:45
LH:0
BRDA:16,0,0,0
BRDA:17,1,0,0
BRDA:20,2,0,0
BRDA:26,3,0,0
BRDA:26,3,1,0
BRDA:37,4,0,0
BRDA:37,4,1,0
BRDA:47,5,0,0
BRDA:47,5,1,0
BRDA:57,6,0,0
BRDA:57,6,1,0
BRDA:72,7,0,0
BRDA:72,7,1,0
BRDA:94,8,0,0
BRDA:94,8,1,0
BRDA:163,9,0,0
BRDA:163,9,1,0
BRDA:163,9,2,0
BRDA:175,10,0,0
BRDA:175,10,1,0
BRDA:191,11,0,0
BRDA:191,11,1,0
BRF:22
BRH:0
end_of_record
TN:
SF:src\components\ui\NotificationFilters.jsx
FN:8,(anonymous_0)
FN:15,(anonymous_1)
FN:20,(anonymous_2)
FN:21,(anonymous_3)
FN:27,(anonymous_4)
FN:28,(anonymous_5)
FN:29,(anonymous_6)
FN:30,(anonymous_7)
FN:44,(anonymous_8)
FN:51,(anonymous_9)
FNF:10
FNH:0
FNDA:0,(anonymous_0)
FNDA:0,(anonymous_1)
FNDA:0,(anonymous_2)
FNDA:0,(anonymous_3)
FNDA:0,(anonymous_4)
FNDA:0,(anonymous_5)
FNDA:0,(anonymous_6)
FNDA:0,(anonymous_7)
FNDA:0,(anonymous_8)
FNDA:0,(anonymous_9)
DA:8,0
DA:15,0
DA:16,0
DA:17,0
DA:20,0
DA:21,0
DA:24,0
DA:27,0
DA:28,0
DA:29,0
DA:30,0
DA:35,0
DA:37,0
DA:45,0
DA:51,0
DA:77,0
LF:16
LH:0
BRDA:13,0,0,0
BRDA:16,1,0,0
BRDA:16,1,1,0
BRDA:49,2,0,0
BRDA:49,2,1,0
BRDA:55,3,0,0
BRDA:55,3,1,0
BRDA:61,4,0,0
BRDA:61,4,1,0
BRDA:65,5,0,0
BRDA:65,5,1,0
BRF:11
BRH:0
end_of_record
TN:
SF:src\components\ui\NotificationHeader.jsx
FN:10,(anonymous_0)
FNF:1
FNH:0
FNDA:0,(anonymous_0)
DA:10,0
DA:19,0
DA:20,0
DA:48,0
DA:81,0
LF:5
LH:0
BRDA:16,0,0,0
BRDA:17,1,0,0
BRDA:19,2,0,0
BRDA:19,2,1,0
BRDA:29,3,0,0
BRDA:29,3,1,0
BRDA:29,3,2,0
BRDA:59,4,0,0
BRDA:59,4,1,0
BRDA:69,5,0,0
BRDA:69,5,1,0
BRF:11
BRH:0
end_of_record
TN:
SF:src\components\ui\NotificationItem.jsx
FN:9,(anonymous_0)
FN:16,(anonymous_1)
FN:64,(anonymous_2)
FN:114,(anonymous_3)
FNF:4
FNH:0
FNDA:0,(anonymous_0)
FNDA:0,(anonymous_1)
FNDA:0,(anonymous_2)
FNDA:0,(anonymous_3)
DA:9,0
DA:16,0
DA:17,0
DA:18,0
DA:21,0
DA:24,0
DA:26,0
DA:30,0
DA:32,0
DA:39,0
DA:41,0
DA:43,0
DA:45,0
DA:47,0
DA:49,0
DA:54,0
DA:55,0
DA:57,0
DA:64,0
DA:114,0
DA:123,0
LF:21
LH:0
BRDA:13,0,0,0
BRDA:14,1,0,0
BRDA:17,2,0,0
BRDA:17,2,1,0
BRDA:18,3,0,0
BRDA:18,3,1,0
BRDA:18,3,2,0
BRDA:18,3,3,0
BRDA:18,3,4,0
BRDA:30,4,0,0
BRDA:30,4,1,0
BRDA:30,4,2,0
BRDA:30,4,3,0
BRDA:30,4,4,0
BRDA:30,4,5,0
BRDA:30,4,6,0
BRDA:30,4,7,0
BRDA:30,4,8,0
BRDA:30,4,9,0
BRDA:30,4,10,0
BRDA:30,4,11,0
BRDA:55,5,0,0
BRDA:55,5,1,0
BRDA:61,6,0,0
BRDA:61,6,1,0
BRDA:62,7,0,0
BRDA:62,7,1,0
BRDA:77,8,0,0
BRDA:77,8,1,0
BRDA:99,9,0,0
BRDA:99,9,1,0
BRDA:106,10,0,0
BRDA:106,10,1,0
BRDA:111,11,0,0
BRDA:111,11,1,0
BRDA:111,11,2,0
BRF:36
BRH:0
end_of_record
TN:
SF:src\components\ui\ProductCard.jsx
FN:16,ProductCard
FN:26,(anonymous_1)
FN:31,(anonymous_2)
FN:36,(anonymous_3)
FN:38,(anonymous_4)
FN:63,(anonymous_5)
FN:65,(anonymous_6)
FN:78,(anonymous_7)
FN:174,(anonymous_8)
FNF:9
FNH:0
FNDA:0,ProductCard
FNDA:0,(anonymous_1)
FNDA:0,(anonymous_2)
FNDA:0,(anonymous_3)
FNDA:0,(anonymous_4)
FNDA:0,(anonymous_5)
FNDA:0,(anonymous_6)
FNDA:0,(anonymous_7)
FNDA:0,(anonymous_8)
DA:11,0
DA:12,0
DA:13,0
DA:14,0
DA:25,0
DA:26,0
DA:27,0
DA:28,0
DA:29,0
DA:31,0
DA:32,0
DA:33,0
DA:36,0
DA:37,0
DA:38,0
DA:40,0
DA:41,0
DA:43,0
DA:44,0
DA:49,0
DA:52,0
DA:53,0
DA:55,0
DA:63,0
DA:64,0
DA:65,0
DA:66,0
DA:70,0
DA:71,0
DA:72,0
DA:73,0
DA:75,0
DA:78,0
DA:79,0
DA:80,0
DA:81,0
DA:82,0
DA:83,0
DA:85,0
DA:87,0
DA:93,0
DA:94,0
DA:95,0
DA:96,0
DA:101,0
DA:105,0
DA:106,0
DA:107,0
DA:114,0
DA:121,0
DA:122,0
DA:127,0
DA:128,0
DA:130,0
DA:175,0
DA:250,0
LF:56
LH:0
BRDA:18,0,0,0
BRDA:19,1,0,0
BRDA:20,2,0,0
BRDA:32,3,0,0
BRDA:32,3,1,0
BRDA:33,4,0,0
BRDA:33,4,1,0
BRDA:33,5,0,0
BRDA:33,5,1,0
BRDA:40,6,0,0
BRDA:40,6,1,0
BRDA:41,7,0,0
BRDA:41,7,1,0
BRDA:43,8,0,0
BRDA:43,8,1,0
BRDA:55,9,0,0
BRDA:55,9,1,0
BRDA:70,10,0,0
BRDA:70,10,1,0
BRDA:71,11,0,0
BRDA:71,11,1,0
BRDA:73,12,0,0
BRDA:73,12,1,0
BRDA:75,13,0,0
BRDA:75,13,1,0
BRDA:75,13,2,0
BRDA:75,14,0,0
BRDA:75,14,1,0
BRDA:80,15,0,0
BRDA:80,15,1,0
BRDA:80,16,0,0
BRDA:80,16,1,0
BRDA:83,17,0,0
BRDA:83,17,1,0
BRDA:85,18,0,0
BRDA:85,18,1,0
BRDA:87,19,0,0
BRDA:87,19,1,0
BRDA:87,19,2,0
BRDA:87,19,3,0
BRDA:87,19,4,0
BRDA:87,19,5,0
BRDA:93,20,0,0
BRDA:93,20,1,0
BRDA:95,21,0,0
BRDA:95,21,1,0
BRDA:102,22,0,0
BRDA:102,22,1,0
BRDA:102,22,2,0
BRDA:102,23,0,0
BRDA:102,23,1,0
BRDA:106,24,0,0
BRDA:106,24,1,0
BRDA:106,25,0,0
BRDA:106,25,1,0
BRDA:108,26,0,0
BRDA:108,26,1,0
BRDA:115,27,0,0
BRDA:115,27,1,0
BRDA:116,28,0,0
BRDA:116,28,1,0
BRDA:117,29,0,0
BRDA:117,29,1,0
BRDA:121,30,0,0
BRDA:121,30,1,0
BRDA:121,30,2,0
BRDA:122,31,0,0
BRDA:122,31,1,0
BRDA:127,32,0,0
BRDA:127,32,1,0
BRDA:128,33,0,0
BRDA:128,33,1,0
BRDA:134,34,0,0
BRDA:134,34,1,0
BRDA:140,35,0,0
BRDA:140,35,1,0
BRDA:150,36,0,0
BRDA:150,36,1,0
BRDA:165,37,0,0
BRDA:165,37,1,0
BRDA:167,38,0,0
BRDA:167,38,1,0
BRDA:172,39,0,0
BRDA:172,39,1,0
BRDA:191,40,0,0
BRDA:191,40,1,0
BRDA:201,41,0,0
BRDA:201,41,1,0
BRDA:205,42,0,0
BRDA:205,42,1,0
BRDA:218,43,0,0
BRDA:218,43,1,0
BRDA:221,44,0,0
BRDA:221,44,1,0
BRDA:223,45,0,0
BRDA:223,45,1,0
BRDA:225,46,0,0
BRDA:225,46,1,0
BRDA:226,47,0,0
BRDA:226,47,1,0
BRDA:232,48,0,0
BRDA:232,48,1,0
BRDA:238,49,0,0
BRDA:238,49,1,0
BRDA:240,50,0,0
BRDA:240,50,1,0
BRDA:240,51,0,0
BRDA:240,51,1,0
BRF:108
BRH:0
end_of_record
TN:
SF:src\components\ui\Rating.jsx
FN:18,(anonymous_0)
FN:30,(anonymous_1)
FN:39,(anonymous_2)
FN:47,(anonymous_3)
FN:54,(anonymous_4)
FN:68,(anonymous_5)
FN:82,(anonymous_6)
FNF:7
FNH:0
FNDA:0,(anonymous_0)
FNDA:0,(anonymous_1)
FNDA:0,(anonymous_2)
FNDA:0,(anonymous_3)
FNDA:0,(anonymous_4)
FNDA:0,(anonymous_5)
FNDA:0,(anonymous_6)
DA:18,0
DA:30,0
DA:31,0
DA:32,0
DA:33,0
DA:34,0
DA:39,0
DA:40,0
DA:42,0
DA:43,0
DA:47,0
DA:48,0
DA:50,0
DA:54,0
DA:68,0
DA:69,0
DA:71,0
DA:78,0
DA:82,0
DA:90,0
LF:20
LH:0
BRDA:19,0,0,0
BRDA:21,1,0,0
BRDA:22,2,0,0
BRDA:23,3,0,0
BRDA:24,4,0,0
BRDA:31,5,0,0
BRDA:31,5,1,0
BRDA:31,5,2,0
BRDA:40,6,0,0
BRDA:40,6,1,0
BRDA:40,7,0,0
BRDA:40,7,1,0
BRDA:56,8,0,0
BRDA:56,8,1,0
BRDA:59,9,0,0
BRDA:59,9,1,0
BRDA:61,10,0,0
BRDA:61,10,1,0
BRDA:69,11,0,0
BRDA:69,11,1,0
BRF:20
BRH:0
end_of_record
TN:
SF:src\components\ui\SearchBar.jsx
FN:5,SearchBar
FN:14,(anonymous_1)
FNF:2
FNH:0
FNDA:0,SearchBar
FNDA:0,(anonymous_1)
DA:12,0
DA:14,0
DA:15,0
DA:16,0
DA:20,0
DA:42,0
LF:6
LH:0
BRDA:6,0,0,0
BRDA:8,1,0,0
BRDA:15,2,0,0
BRDA:15,2,1,0
BRF:4
BRH:0
end_of_record
TN:
SF:src\components\ui\SectionHeader.jsx
FN:7,SectionHeader
FNF:1
FNH:0
FNDA:0,SectionHeader
DA:17,0
DA:19,0
DA:48,0
LF:3
LH:0
BRDA:10,0,0,0
BRDA:13,1,0,0
BRDA:17,2,0,0
BRDA:17,2,1,0
BRDA:25,3,0,0
BRDA:25,3,1,0
BRDA:32,4,0,0
BRDA:32,4,1,0
BRDA:32,4,2,0
BRF:9
BRH:0
end_of_record
TN:
SF:src\components\ui\ServiceCard.jsx
FN:15,ServiceCard
FN:48,(anonymous_1)
FN:50,(anonymous_2)
FN:65,(anonymous_3)
FN:88,(anonymous_4)
FN:130,(anonymous_5)
FN:146,(anonymous_6)
FN:158,(anonymous_7)
FN:166,(anonymous_8)
FNF:9
FNH:0
FNDA:0,ServiceCard
FNDA:0,(anonymous_1)
FNDA:0,(anonymous_2)
FNDA:0,(anonymous_3)
FNDA:0,(anonymous_4)
FNDA:0,(anonymous_5)
FNDA:0,(anonymous_6)
FNDA:0,(anonymous_7)
FNDA:0,(anonymous_8)
DA:23,0
DA:24,0
DA:25,0
DA:27,0
DA:33,0
DA:39,0
DA:45,0
DA:46,0
DA:48,0
DA:49,0
DA:50,0
DA:51,0
DA:52,0
DA:54,0
DA:63,0
DA:65,0
DA:89,0
DA:131,0
DA:147,0
DA:158,0
DA:167,0
DA:168,0
DA:169,0
DA:183,0
LF:24
LH:0
BRDA:19,0,0,0
BRDA:20,1,0,0
BRDA:28,2,0,0
BRDA:28,2,1,0
BRDA:29,3,0,0
BRDA:29,3,1,0
BRDA:30,4,0,0
BRDA:30,4,1,0
BRDA:34,5,0,0
BRDA:34,5,1,0
BRDA:35,6,0,0
BRDA:35,6,1,0
BRDA:36,7,0,0
BRDA:36,7,1,0
BRDA:39,8,0,0
BRDA:39,8,1,0
BRDA:45,9,0,0
BRDA:45,9,1,0
BRDA:46,10,0,0
BRDA:46,10,1,0
BRDA:55,11,0,0
BRDA:55,11,1,0
BRDA:56,12,0,0
BRDA:56,12,1,0
BRDA:69,13,0,0
BRDA:69,13,1,0
BRDA:102,14,0,0
BRDA:102,14,1,0
BRDA:115,15,0,0
BRDA:115,15,1,0
BRDA:122,16,0,0
BRDA:122,16,1,0
BRDA:128,17,0,0
BRDA:128,17,1,0
BRDA:136,18,0,0
BRDA:136,18,1,0
BRDA:136,19,0,0
BRDA:136,19,1,0
BRDA:144,20,0,0
BRDA:144,20,1,0
BRF:40
BRH:0
end_of_record
TN:
SF:src\components\ui\Spacer.jsx
FN:13,(anonymous_0)
FN:20,(anonymous_1)
FN:29,(anonymous_2)
FNF:3
FNH:0
FNDA:0,(anonymous_0)
FNDA:0,(anonymous_1)
FNDA:0,(anonymous_2)
DA:13,0
DA:20,0
DA:21,0
DA:22,0
DA:25,0
DA:29,0
DA:30,0
DA:32,0
DA:33,0
DA:36,0
DA:39,0
DA:48,0
LF:12
LH:0
BRDA:14,0,0,0
BRDA:15,1,0,0
BRDA:21,2,0,0
BRDA:21,2,1,0
BRDA:25,3,0,0
BRDA:25,3,1,0
BRDA:32,4,0,0
BRDA:32,4,1,0
BRF:8
BRH:0
end_of_record
TN:
SF:src\components\ui\Text.jsx
FN:21,(anonymous_0)
FN:36,(anonymous_1)
FNF:2
FNH:0
FNDA:0,(anonymous_0)
FNDA:0,(anonymous_1)
DA:21,0
DA:36,0
DA:37,0
DA:40,0
DA:41,0
DA:45,0
DA:46,0
DA:50,0
DA:51,0
DA:55,0
DA:56,0
DA:60,0
DA:61,0
DA:65,0
DA:66,0
DA:69,0
DA:72,0
DA:85,0
LF:18
LH:0
BRDA:22,0,0,0
BRDA:24,1,0,0
BRDA:25,2,0,0
BRDA:26,3,0,0
BRDA:27,4,0,0
BRDA:28,5,0,0
BRDA:30,6,0,0
BRDA:40,7,0,0
BRDA:40,7,1,0
BRDA:45,8,0,0
BRDA:45,8,1,0
BRDA:50,9,0,0
BRDA:50,9,1,0
BRDA:55,10,0,0
BRDA:55,10,1,0
BRDA:60,11,0,0
BRDA:60,11,1,0
BRDA:65,12,0,0
BRDA:65,12,1,0
BRF:19
BRH:0
end_of_record
TN:
SF:src\contexts\AuthModalContext.jsx
FN:12,(anonymous_0)
FN:19,(anonymous_1)
FN:26,(anonymous_2)
FN:36,(anonymous_3)
FN:37,(anonymous_4)
FN:38,(anonymous_5)
FN:39,(anonymous_6)
FN:42,(anonymous_7)
FN:50,(anonymous_8)
FN:55,(anonymous_9)
FN:58,(anonymous_10)
FN:64,(anonymous_11)
FN:71,(anonymous_12)
FN:82,(anonymous_13)
FN:93,(anonymous_14)
FN:104,(anonymous_15)
FN:109,(anonymous_16)
FN:114,(anonymous_17)
FN:118,(anonymous_18)
FN:127,(anonymous_19)
FN:134,(anonymous_20)
FN:134,(anonymous_21)
FNF:22
FNH:0
FNDA:0,(anonymous_0)
FNDA:0,(anonymous_1)
FNDA:0,(anonymous_2)
FNDA:0,(anonymous_3)
FNDA:0,(anonymous_4)
FNDA:0,(anonymous_5)
FNDA:0,(anonymous_6)
FNDA:0,(anonymous_7)
FNDA:0,(anonymous_8)
FNDA:0,(anonymous_9)
FNDA:0,(anonymous_10)
FNDA:0,(anonymous_11)
FNDA:0,(anonymous_12)
FNDA:0,(anonymous_13)
FNDA:0,(anonymous_14)
FNDA:0,(anonymous_15)
FNDA:0,(anonymous_16)
FNDA:0,(anonymous_17)
FNDA:0,(anonymous_18)
FNDA:0,(anonymous_19)
FNDA:0,(anonymous_20)
FNDA:0,(anonymous_21)
DA:7,0
DA:8,0
DA:9,0
DA:12,0
DA:13,0
DA:14,0
DA:16,0
DA:19,0
DA:20,0
DA:21,0
DA:23,0
DA:26,0
DA:27,0
DA:28,0
DA:30,0
DA:33,0
DA:35,0
DA:42,0
DA:43,0
DA:44,0
DA:45,0
DA:47,0
DA:50,0
DA:51,0
DA:52,0
DA:53,0
DA:54,0
DA:55,0
DA:58,0
DA:59,0
DA:60,0
DA:65,0
DA:71,0
DA:72,0
DA:73,0
DA:74,0
DA:82,0
DA:83,0
DA:84,0
DA:85,0
DA:93,0
DA:94,0
DA:95,0
DA:96,0
DA:104,0
DA:105,0
DA:110,0
DA:114,0
DA:116,0
DA:119,0
DA:120,0
DA:121,0
DA:122,0
DA:123,0
DA:124,0
DA:128,0
DA:129,0
DA:130,0
DA:131,0
DA:134,0
DA:137,0
DA:139,0
DA:140,0
DA:142,0
DA:143,0
DA:146,0
DA:147,0
DA:151,0
DA:194,0
LF:69
LH:0
BRDA:13,0,0,0
BRDA:13,0,1,0
BRDA:20,1,0,0
BRDA:20,1,1,0
BRDA:27,2,0,0
BRDA:27,2,1,0
BRDA:44,3,0,0
BRDA:44,3,1,0
BRDA:59,4,0,0
BRDA:59,4,1,0
BRDA:59,5,0,0
BRDA:59,5,1,0
BRDA:119,6,0,0
BRDA:119,6,1,0
BRDA:121,7,0,0
BRDA:121,7,1,0
BRDA:123,8,0,0
BRDA:123,8,1,0
BRDA:128,9,0,0
BRDA:128,9,1,0
BRDA:130,10,0,0
BRDA:130,10,1,0
BRDA:137,11,0,0
BRDA:137,11,1,0
BRDA:137,11,2,0
BRDA:137,11,3,0
BRF:26
BRH:0
end_of_record
TN:
SF:src\data\categories.js
FN:42,(anonymous_0)
FN:43,(anonymous_1)
FN:47,(anonymous_2)
FN:48,(anonymous_3)
FN:52,(anonymous_4)
FN:53,(anonymous_5)
FN:57,(anonymous_6)
FN:58,(anonymous_7)
FN:62,(anonymous_8)
FN:63,(anonymous_9)
FN:67,(anonymous_10)
FN:68,(anonymous_11)
FNF:12
FNH:0
FNDA:0,(anonymous_0)
FNDA:0,(anonymous_1)
FNDA:0,(anonymous_2)
FNDA:0,(anonymous_3)
FNDA:0,(anonymous_4)
FNDA:0,(anonymous_5)
FNDA:0,(anonymous_6)
FNDA:0,(anonymous_7)
FNDA:0,(anonymous_8)
FNDA:0,(anonymous_9)
FNDA:0,(anonymous_10)
FNDA:0,(anonymous_11)
DA:5,0
DA:17,0
DA:28,0
DA:39,0
DA:42,0
DA:43,0
DA:47,0
DA:48,0
DA:52,0
DA:53,0
DA:57,0
DA:58,0
DA:62,0
DA:63,0
DA:67,0
DA:68,0
LF:16
LH:0
BRF:0
BRH:0
end_of_record
TN:
SF:src\data\farms.js
FN:166,(anonymous_0)
FN:168,(anonymous_1)
FN:171,(anonymous_2)
FN:172,(anonymous_3)
FN:175,(anonymous_4)
FN:176,(anonymous_5)
FN:179,(anonymous_6)
FN:180,(anonymous_7)
FN:183,(anonymous_8)
FN:185,(anonymous_9)
FNF:10
FNH:0
FNDA:0,(anonymous_0)
FNDA:0,(anonymous_1)
FNDA:0,(anonymous_2)
FNDA:0,(anonymous_3)
FNDA:0,(anonymous_4)
FNDA:0,(anonymous_5)
FNDA:0,(anonymous_6)
FNDA:0,(anonymous_7)
FNDA:0,(anonymous_8)
FNDA:0,(anonymous_9)
DA:1,0
DA:166,0
DA:167,0
DA:168,0
DA:171,0
DA:172,0
DA:175,0
DA:176,0
DA:179,0
DA:180,0
DA:183,0
DA:184,0
DA:185,0
DA:186,0
LF:14
LH:0
BRDA:167,0,0,0
BRDA:167,0,1,0
BRDA:186,1,0,0
BRDA:186,1,1,0
BRDA:186,1,2,0
BRF:5
BRH:0
end_of_record
TN:
SF:src\data\products.js
FN:360,(anonymous_0)
FN:361,(anonymous_1)
FN:365,(anonymous_2)
FN:366,(anonymous_3)
FN:370,(anonymous_4)
FN:371,(anonymous_5)
FN:375,(anonymous_6)
FN:376,(anonymous_7)
FN:380,(anonymous_8)
FN:381,(anonymous_9)
FN:385,(anonymous_10)
FN:386,(anonymous_11)
FN:390,(anonymous_12)
FN:392,(anonymous_13)
FN:397,(anonymous_14)
FNF:15
FNH:0
FNDA:0,(anonymous_0)
FNDA:0,(anonymous_1)
FNDA:0,(anonymous_2)
FNDA:0,(anonymous_3)
FNDA:0,(anonymous_4)
FNDA:0,(anonymous_5)
FNDA:0,(anonymous_6)
[...]
DA:56,0
DA:58,0
DA:63,0
DA:66,0
DA:67,0
DA:68,0
DA:70,0
DA:75,0
DA:78,0
DA:79,0
DA:80,0
DA:82,0
DA:87,0
DA:92,0
DA:95,0
DA:96,0
DA:97,0
DA:98,0
DA:100,0
DA:102,0
DA:105,0
DA:106,0
DA:107,0
DA:109,0
DA:111,0
DA:112,0
DA:114,0
DA:115,0
DA:118,0
DA:119,0
DA:120,0
DA:121,0
DA:124,0
DA:130,0
DA:133,0
DA:134,0
DA:135,0
DA:140,0
DA:143,0
DA:146,0
DA:151,0
DA:154,0
DA:157,0
DA:162,0
DA:165,0
DA:168,0
DA:173,0
DA:176,0
DA:177,0
DA:178,0
DA:179,0
DA:180,0
DA:181,0
DA:182,0
DA:183,0
LF:66
LH:0
BRDA:25,0,0,0
BRDA:27,1,0,0
BRDA:27,2,0,0
BRDA:27,3,0,0
BRDA:27,4,0,0
BRDA:27,5,0,0
BRDA:27,6,0,0
BRDA:95,7,0,0
BRDA:95,8,0,0
BRDA:95,8,1,0
BRDA:96,9,0,0
BRDA:96,9,1,0
BRDA:96,10,0,0
BRDA:96,10,1,0
BRDA:109,11,0,0
BRDA:109,11,1,0
BRDA:109,12,0,0
BRDA:109,12,1,0
BRDA:176,13,0,0
BRDA:176,13,1,0
BRDA:177,14,0,0
BRDA:177,14,1,0
BRDA:178,15,0,0
BRDA:178,15,1,0
BRDA:179,16,0,0
BRDA:179,16,1,0
BRDA:180,17,0,0
BRDA:180,17,1,0
BRDA:181,18,0,0
BRDA:181,18,1,0
BRDA:182,19,0,0
BRDA:182,19,1,0
BRDA:183,20,0,0
BRDA:183,20,1,0
BRF:34
BRH:0
end_of_record
TN:
SF:src\store\client\productsSlice.js
FN:28,(anonymous_0)
FN:71,(anonymous_1)
FN:83,(anonymous_2)
FN:91,(anonymous_3)
FN:103,(anonymous_4)
FN:111,(anonymous_5)
FN:123,(anonymous_6)
FN:131,(anonymous_7)
FN:146,(anonymous_8)
FN:149,(anonymous_9)
FN:156,(anonymous_10)
FN:159,(anonymous_11)
FN:169,(anonymous_12)
FN:191,(anonymous_13)
FN:198,(anonymous_14)
FN:202,(anonymous_15)
FN:203,(anonymous_16)
FN:206,(anonymous_17)
FN:211,(anonymous_18)
FN:215,(anonymous_19)
FN:219,(anonymous_20)
FN:224,(anonymous_21)
FN:228,(anonymous_22)
FN:232,(anonymous_23)
FN:237,(anonymous_24)
FN:241,(anonymous_25)
FN:245,(anonymous_26)
FN:254,(anonymous_27)
FN:255,(anonymous_28)
FN:256,(anonymous_29)
FN:257,(anonymous_30)
FN:258,(anonymous_31)
FN:259,(anonymous_32)
FN:260,(anonymous_33)
FN:261,(anonymous_34)
FN:262,(anonymous_35)
FN:263,(anonymous_36)
FNF:37
FNH:0
FNDA:0,(anonymous_0)
FNDA:0,(anonymous_1)
FNDA:0,(anonymous_2)
FNDA:0,(anonymous_3)
FNDA:0,(anonymous_4)
FNDA:0,(anonymous_5)
FNDA:0,(anonymous_6)
FNDA:0,(anonymous_7)
FNDA:0,(anonymous_8)
FNDA:0,(anonymous_9)
FNDA:0,(anonymous_10)
FNDA:0,(anonymous_11)
FNDA:0,(anonymous_12)
FNDA:0,(anonymous_13)
FNDA:0,(anonymous_14)
FNDA:0,(anonymous_15)
FNDA:0,(anonymous_16)
FNDA:0,(anonymous_17)
FNDA:0,(anonymous_18)
FNDA:0,(anonymous_19)
FNDA:0,(anonymous_20)
FNDA:0,(anonymous_21)
FNDA:0,(anonymous_22)
FNDA:0,(anonymous_23)
FNDA:0,(anonymous_24)
FNDA:0,(anonymous_25)
FNDA:0,(anonymous_26)
FNDA:0,(anonymous_27)
FNDA:0,(anonymous_28)
FNDA:0,(anonymous_29)
FNDA:0,(anonymous_30)
FNDA:0,(anonymous_31)
FNDA:0,(anonymous_32)
FNDA:0,(anonymous_33)
FNDA:0,(anonymous_34)
FNDA:0,(anonymous_35)
FNDA:0,(anonymous_36)
DA:5,0
DA:26,0
DA:29,0
DA:40,0
DA:41,0
DA:43,0
DA:56,0
DA:64,0
DA:69,0
DA:72,0
DA:73,0
DA:74,0
DA:76,0
DA:81,0
DA:84,0
DA:86,0
DA:91,0
DA:92,0
DA:94,0
DA:96,0
DA:101,0
DA:104,0
DA:106,0
DA:111,0
DA:112,0
DA:114,0
DA:116,0
DA:121,0
DA:124,0
DA:126,0
DA:131,0
DA:132,0
DA:134,0
DA:136,0
DA:142,0
DA:147,0
DA:150,0
DA:151,0
DA:152,0
DA:153,0
DA:158,0
DA:160,0
DA:161,0
DA:162,0
DA:163,0
DA:165,0
DA:167,0
DA:170,0
DA:171,0
DA:172,0
DA:174,0
DA:176,0
DA:179,0
DA:182,0
DA:188,0
DA:189,0
DA:192,0
DA:193,0
DA:194,0
DA:200,0
DA:203,0
DA:204,0
DA:207,0
DA:213,0
DA:216,0
DA:217,0
DA:220,0
DA:226,0
DA:229,0
DA:230,0
DA:233,0
DA:239,0
DA:242,0
DA:243,0
DA:246,0
DA:251,0
DA:254,0
DA:255,0
DA:256,0
DA:257,0
DA:258,0
DA:259,0
DA:260,0
DA:261,0
DA:262,0
DA:263,0
LF:86
LH:0
BRDA:28,0,0,0
BRDA:31,1,0,0
BRDA:32,2,0,0
BRDA:33,3,0,0
BRDA:34,4,0,0
BRDA:35,5,0,0
BRDA:36,6,0,0
BRDA:37,7,0,0
BRDA:38,8,0,0
BRDA:39,9,0,0
BRDA:92,10,0,0
BRDA:92,10,1,0
BRDA:112,11,0,0
BRDA:112,11,1,0
BRDA:132,12,0,0
BRDA:132,12,1,0
BRDA:132,12,2,0
BRDA:160,13,0,0
BRDA:160,14,0,0
BRDA:160,14,1,0
BRDA:161,15,0,0
BRDA:161,15,1,0
BRDA:161,16,0,0
BRDA:161,16,1,0
BRDA:174,17,0,0
BRDA:174,17,1,0
BRDA:174,18,0,0
BRDA:174,18,1,0
BRDA:254,19,0,0
BRDA:254,19,1,0
BRDA:255,20,0,0
BRDA:255,20,1,0
BRDA:256,21,0,0
BRDA:256,21,1,0
BRDA:257,22,0,0
BRDA:257,22,1,0
BRDA:258,23,0,0
BRDA:258,23,1,0
BRDA:259,24,0,0
BRDA:259,24,1,0
BRDA:260,25,0,0
BRDA:260,25,1,0
BRDA:261,26,0,0
BRDA:261,26,1,0
BRDA:262,27,0,0
BRDA:262,27,1,0
BRDA:263,28,0,0
BRDA:263,28,1,0
BRF:48
BRH:0
end_of_record
TN:
SF:src\store\client\servicesSlice.js
FN:22,(anonymous_0)
FN:52,(anonymous_1)
FN:55,(anonymous_2)
FN:65,(anonymous_3)
FN:84,(anonymous_4)
FN:95,(anonymous_5)
FN:96,(anonymous_6)
FN:97,(anonymous_7)
FN:98,(anonymous_8)
FN:99,(anonymous_9)
FNF:10
FNH:0
FNDA:0,(anonymous_0)
FNDA:0,(anonymous_1)
FNDA:0,(anonymous_2)
FNDA:0,(anonymous_3)
FNDA:0,(anonymous_4)
FNDA:0,(anonymous_5)
FNDA:0,(anonymous_6)
FNDA:0,(anonymous_7)
FNDA:0,(anonymous_8)
FNDA:0,(anonymous_9)
DA:4,0
DA:20,0
DA:23,0
DA:24,0
DA:25,0
DA:27,0
DA:35,0
DA:43,0
DA:48,0
DA:53,0
DA:56,0
DA:57,0
DA:58,0
DA:59,0
DA:61,0
DA:63,0
DA:66,0
DA:67,0
DA:68,0
DA:70,0
DA:71,0
DA:73,0
DA:76,0
DA:82,0
DA:85,0
DA:86,0
DA:87,0
DA:92,0
DA:95,0
DA:96,0
DA:97,0
DA:98,0
DA:99,0
LF:33
LH:0
BRDA:22,0,0,0
BRDA:24,1,0,0
BRDA:24,2,0,0
BRDA:24,3,0,0
BRDA:24,4,0,0
BRDA:24,5,0,0
BRDA:56,6,0,0
BRDA:56,7,0,0
BRDA:56,7,1,0
BRDA:57,8,0,0
BRDA:57,8,1,0
BRDA:57,9,0,0
BRDA:57,9,1,0
BRDA:70,10,0,0
BRDA:70,10,1,0
BRDA:70,11,0,0
BRDA:70,11,1,0
BRDA:95,12,0,0
BRDA:95,12,1,0
BRDA:96,13,0,0
BRDA:96,13,1,0
BRDA:97,14,0,0
BRDA:97,14,1,0
BRDA:98,15,0,0
BRDA:98,15,1,0
BRDA:99,16,0,0
BRDA:99,16,1,0
BRF:27
BRH:0
end_of_record
TN:
SF:src\theme\colors.js
FN:130,(anonymous_0)
FN:131,(anonymous_1)
FN:132,(anonymous_2)
FN:133,(anonymous_3)
FN:134,(anonymous_4)
FN:167,(anonymous_5)
FNF:6
FNH:0
FNDA:0,(anonymous_0)
FNDA:0,(anonymous_1)
FNDA:0,(anonymous_2)
FNDA:0,(anonymous_3)
FNDA:0,(anonymous_4)
FNDA:0,(anonymous_5)
DA:4,0
DA:129,0
DA:130,0
DA:131,0
DA:132,0
DA:133,0
DA:134,0
DA:138,0
DA:148,0
DA:167,0
DA:168,0
DA:169,0
DA:170,0
DA:171,0
DA:172,0
DA:173,0
DA:175,0
LF:17
LH:0
BRDA:130,0,0,0
BRDA:131,1,0,0
BRDA:132,2,0,0
BRDA:133,3,0,0
BRDA:134,4,0,0
BRDA:167,5,0,0
BRDA:168,6,0,0
BRDA:168,6,1,0
BRDA:168,7,0,0
BRDA:168,7,1,0
BRF:10
BRH:0
end_of_record
TN:
SF:src\theme\spacing.js
FN:297,(anonymous_0)
FNF:1
FNH:0
FNDA:0,(anonymous_0)
DA:5,0
DA:8,0
DA:42,0
DA:135,0
DA:157,0
DA:190,0
DA:224,0
DA:246,0
DA:265,0
DA:297,0
LF:10
LH:0
BRDA:297,0,0,0
BRF:1
BRH:0
end_of_record
TN:
SF:src\theme\typography.js
FN:261,(anonymous_0)
FNF:1
FNH:0
FNDA:0,(anonymous_0)
DA:7,0
DA:21,0
DA:29,0
DA:40,0
DA:51,0
DA:194,0
DA:261,0
DA:267,0
LF:8
LH:0
BRDA:261,0,0,0
BRF:1
BRH:0
end_of_record
TN:
SF:src\utils\attemptLimiter.js
FN:12,(anonymous_0)
FN:29,(anonymous_1)
FN:54,(anonymous_2)
FN:105,(anonymous_3)
FN:117,(anonymous_4)
FN:163,(anonymous_5)
FN:191,(anonymous_6)
FNF:7
FNH:0
FNDA:0,(anonymous_0)
FNDA:0,(anonymous_1)
FNDA:0,(anonymous_2)
FNDA:0,(anonymous_3)
FNDA:0,(anonymous_4)
FNDA:0,(anonymous_5)
FNDA:0,(anonymous_6)
DA:4,0
DA:5,0
DA:6,0
DA:7,0
DA:12,0
DA:13,0
DA:14,0
DA:15,0
DA:16,0
DA:17,0
DA:19,0
DA:21,0
DA:22,0
DA:29,0
DA:30,0
DA:31,0
DA:32,0
DA:33,0
DA:36,0
DA:39,0
DA:40,0
DA:41,0
DA:44,0
DA:46,0
DA:47,0
DA:54,0
DA:55,0
DA:56,0
DA:57,0
DA:59,0
DA:60,0
DA:61,0
DA:64,0
DA:65,0
DA:69,0
DA:70,0
DA:73,0
DA:76,0
DA:77,0
DA:79,0
DA:81,0
DA:82,0
DA:83,0
DA:86,0
DA:93,0
DA:95,0
DA:97,0
DA:98,0
DA:105,0
DA:106,0
DA:107,0
DA:108,0
DA:110,0
DA:117,0
DA:118,0
DA:119,0
DA:120,0
DA:121,0
DA:124,0
DA:127,0
DA:128,0
DA:129,0
DA:133,0
DA:134,0
DA:135,0
DA:137,0
DA:147,0
DA:149,0
DA:150,0
DA:153,0
DA:155,0
DA:156,0
DA:163,0
DA:164,0
DA:165,0
DA:168,0
DA:169,0
DA:171,0
DA:172,0
DA:173,0
DA:175,0
DA:178,0
DA:179,0
DA:181,0
DA:182,0
DA:185,0
DA:191,0
DA:192,0
DA:193,0
DA:194,0
DA:197,0
DA:200,0
DA:201,0
DA:202,0
DA:205,0
LF:95
LH:0
BRDA:16,0,0,0
BRDA:16,0,1,0
BRDA:32,1,0,0
BRDA:32,1,1,0
BRDA:39,2,0,0
BRDA:39,2,1,0
BRDA:44,3,0,0
BRDA:44,3,1,0
BRDA:60,4,0,0
BRDA:60,4,1,0
BRDA:61,5,0,0
BRDA:61,5,1,0
BRDA:64,6,0,0
BRDA:64,6,1,0
BRDA:64,7,0,0
BRDA:64,7,1,0
BRDA:69,8,0,0
BRDA:69,8,1,0
BRDA:79,9,0,0
BRDA:79,9,1,0
BRDA:120,10,0,0
BRDA:120,10,1,0
BRDA:127,11,0,0
BRDA:127,11,1,0
BRDA:133,12,0,0
BRDA:133,12,1,0
BRDA:133,13,0,0
BRDA:133,13,1,0
BRDA:133,13,2,0
BRDA:147,14,0,0
BRDA:147,14,1,0
BRDA:147,15,0,0
BRDA:147,15,1,0
BRDA:147,15,2,0
BRDA:164,16,0,0
BRDA:164,16,1,0
BRDA:165,17,0,0
BRDA:165,17,1,0
BRDA:171,18,0,0
BRDA:171,18,1,0
BRDA:172,19,0,0
BRDA:172,19,1,0
BRDA:173,20,0,0
BRDA:173,20,1,0
BRDA:173,21,0,0
BRDA:173,21,1,0
BRDA:175,22,0,0
BRDA:175,22,1,0
BRDA:181,23,0,0
BRDA:181,23,1,0
BRDA:182,24,0,0
BRDA:182,24,1,0
BRDA:182,25,0,0
BRDA:182,25,1,0
BRDA:185,26,0,0
BRDA:185,26,1,0
BRDA:193,27,0,0
BRDA:193,27,1,0
BRDA:200,28,0,0
BRDA:200,28,1,0
BRF:60
BRH:0
end_of_record
TN:
SF:src\utils\contactInfo.js
FN:17,(anonymous_0)
FN:44,(anonymous_1)
FN:62,(anonymous_2)
FN:80,(anonymous_3)
FN:87,(anonymous_4)
FN:92,(anonymous_5)
FN:97,(anonymous_6)
FNF:7
FNH:0
FNDA:0,(anonymous_0)
FNDA:0,(anonymous_1)
FNDA:0,(anonymous_2)
FNDA:0,(anonymous_3)
FNDA:0,(anonymous_4)
FNDA:0,(anonymous_5)
FNDA:0,(anonymous_6)
DA:4,0
DA:17,0
DA:18,0
DA:20,0
DA:21,0
DA:23,0
DA:24,0
DA:25,0
DA:28,0
DA:29,0
DA:32,0
DA:33,0
DA:44,0
DA:45,0
DA:46,0
DA:47,0
DA:48,0
DA:49,0
DA:51,0
DA:54,0
DA:55,0
DA:62,0
DA:63,0
DA:64,0
DA:65,0
DA:66,0
DA:67,0
DA:69,0
DA:72,0
DA:73,0
DA:80,0
DA:81,0
DA:87,0
DA:92,0
DA:97,0
LF:35
LH:0
BRDA:17,0,0,0
BRDA:17,1,0,0
BRDA:21,2,0,0
BRDA:21,2,1,0
BRDA:24,3,0,0
BRDA:24,3,1,0
BRDA:28,4,0,0
BRDA:28,4,1,0
BRDA:44,5,0,0
BRDA:48,6,0,0
BRDA:48,6,1,0
BRDA:62,7,0,0
BRDA:62,8,0,0
BRDA:62,9,0,0
BRDA:64,10,0,0
BRDA:64,10,1,0
BRDA:64,11,0,0
BRDA:64,11,1,0
BRDA:64,12,0,0
BRDA:64,12,1,0
BRDA:66,13,0,0
BRDA:66,13,1,0
BRDA:80,14,0,0
BRDA:83,15,0,0
BRDA:83,15,1,0
BRDA:87,16,0,0
BRDA:87,16,1,0
BRDA:97,17,0,0
BRDA:97,17,1,0
BRF:29
BRH:0
end_of_record
TN:
SF:src\utils\currency.js
FN:18,(anonymous_0)
FN:27,(anonymous_1)
FN:36,(anonymous_2)
FNF:3
FNH:3
FNDA:10,(anonymous_0)
FNDA:2,(anonymous_1)
FNDA:4,(anonymous_2)
DA:4,1
DA:7,1
DA:18,1
DA:19,10
DA:20,4
DA:22,6
DA:23,6
DA:27,1
DA:28,2
DA:29,1
DA:31,1
DA:32,1
DA:36,1
DA:37,4
LF:14
LH:14
BRDA:18,0,0,8
BRDA:19,1,0,4
BRDA:19,1,1,6
BRDA:19,2,0,10
BRDA:19,2,1,9
BRDA:19,2,2,8
BRDA:20,3,0,4
BRDA:20,3,1,0
BRDA:22,4,0,6
BRDA:22,4,1,0
BRDA:27,5,0,1
BRDA:28,6,0,1
BRDA:28,6,1,1
BRDA:28,7,0,2
BRDA:28,7,1,1
BRDA:28,7,2,1
BRDA:29,8,0,1
BRDA:29,8,1,0
BRDA:31,9,0,1
BRDA:31,9,1,0
BRDA:36,10,0,0
BRDA:37,11,0,4
BRDA:37,11,1,1
BRF:23
BRH:18
end_of_record
TN:
SF:src\utils\errorHandler.js
FN:9,(anonymous_0)
FN:19,(anonymous_1)
FN:26,(anonymous_2)
FN:43,(anonymous_3)
FN:60,(anonymous_4)
FN:64,(anonymous_5)
FN:65,(anonymous_6)
FN:75,(anonymous_7)
FN:89,(anonymous_8)
FN:105,(anonymous_9)
FN:106,(anonymous_10)
FNF:11
FNH:0
FNDA:0,(anonymous_0)
FNDA:0,(anonymous_1)
FNDA:0,(anonymous_2)
FNDA:0,(anonymous_3)
FNDA:0,(anonymous_4)
FNDA:0,(anonymous_5)
FNDA:0,(anonymous_6)
FNDA:0,(anonymous_7)
FNDA:0,(anonymous_8)
FNDA:0,(anonymous_9)
FNDA:0,(anonymous_10)
DA:10,0
DA:21,0
DA:22,0
DA:26,0
DA:27,0
DA:28,0
DA:30,0
DA:35,0
DA:36,0
DA:44,0
DA:61,0
DA:64,0
DA:65,0
DA:76,0
DA:77,0
DA:79,0
DA:80,0
DA:90,0
DA:91,0
DA:93,0
DA:94,0
DA:100,0
DA:105,0
DA:106,0
DA:107,0
DA:108,0
DA:110,0
DA:111,0
LF:28
LH:0
BRDA:19,0,0,0
BRDA:19,1,0,0
BRDA:21,2,0,0
BRDA:21,2,1,0
BRDA:35,3,0,0
BRDA:35,3,1,0
BRDA:43,4,0,0
BRDA:46,5,0,0
BRDA:46,5,1,0
BRDA:75,6,0,0
BRDA:89,7,0,0
BRF:11
BRH:0
end_of_record
TN:
SF:src\utils\errorTranslations.js
FN:5,(anonymous_0)
FNF:1
FNH:0
FNDA:0,(anonymous_0)
DA:5,1
DA:6,0
DA:8,0
DA:11,0
DA:14,0
DA:17,0
DA:18,0
DA:21,0
DA:22,0
DA:25,0
DA:28,0
DA:31,0
DA:32,0
DA:35,0
DA:37,0
DA:40,0
DA:41,0
DA:45,0
DA:48,0
DA:51,0
DA:52,0
DA:56,0
DA:58,0
DA:61,0
DA:63,0
DA:67,0
DA:68,0
DA:72,0
DA:73,0
DA:76,0
DA:77,0
DA:81,0
DA:83,0
DA:86,0
DA:88,0
DA:92,0
DA:93,0
DA:96,0
DA:97,0
DA:101,0
LF:40
LH:1
BRDA:6,0,0,0
BRDA:6,0,1,0
BRDA:11,1,0,0
BRDA:11,1,1,0
BRDA:11,2,0,0
BRDA:11,2,1,0
BRDA:11,2,2,0
BRDA:17,3,0,0
BRDA:17,3,1,0
BRDA:21,4,0,0
BRDA:21,4,1,0
BRDA:25,5,0,0
BRDA:25,5,1,0
BRDA:25,6,0,0
BRDA:25,6,1,0
BRDA:25,6,2,0
BRDA:31,7,0,0
BRDA:31,7,1,0
BRDA:35,8,0,0
BRDA:35,8,1,0
BRDA:35,9,0,0
BRDA:35,9,1,0
BRDA:40,10,0,0
BRDA:40,10,1,0
BRDA:45,11,0,0
BRDA:45,11,1,0
BRDA:45,12,0,0
BRDA:45,12,1,0
BRDA:45,12,2,0
BRDA:51,13,0,0
BRDA:51,13,1,0
BRDA:56,14,0,0
BRDA:56,14,1,0
BRDA:56,15,0,0
BRDA:56,15,1,0
BRDA:61,16,0,0
BRDA:61,16,1,0
BRDA:61,17,0,0
BRDA:61,17,1,0
BRDA:67,18,0,0
BRDA:67,18,1,0
BRDA:67,19,0,0
BRDA:67,19,1,0
BRDA:72,20,0,0
BRDA:72,20,1,0
BRDA:76,21,0,0
BRDA:76,21,1,0
BRDA:81,22,0,0
BRDA:81,22,1,0
BRDA:81,23,0,0
BRDA:81,23,1,0
BRDA:86,24,0,0
BRDA:86,24,1,0
BRDA:86,25,0,0
BRDA:86,25,1,0
BRDA:92,26,0,0
BRDA:92,26,1,0
BRDA:96,27,0,0
BRDA:96,27,1,0
BRF:59
BRH:0
end_of_record
TN:
SF:src\utils\inputSanitizer.js
FN:13,(anonymous_0)
FN:71,(anonymous_1)
FN:101,(anonymous_2)
FN:126,(anonymous_3)
FN:158,(anonymous_4)
FN:195,(anonymous_5)
FN:228,(anonymous_6)
FN:261,(anonymous_7)
FN:293,(anonymous_8)
FN:319,(anonymous_9)
FN:422,(anonymous_10)
FN:428,(anonymous_11)
FN:429,(anonymous_12)
FN:438,(anonymous_13)
FNF:14
FNH:5
FNDA:18,(anonymous_0)
FNDA:6,(anonymous_1)
FNDA:6,(anonymous_2)
FNDA:0,(anonymous_3)
FNDA:0,(anonymous_4)
FNDA:4,(anonymous_5)
FNDA:4,(anonymous_6)
FNDA:0,(anonymous_7)
FNDA:0,(anonymous_8)
FNDA:0,(anonymous_9)
FNDA:0,(anonymous_10)
FNDA:0,(anonymous_11)
FNDA:0,(anonymous_12)
FNDA:0,(anonymous_13)
DA:13,7
DA:14,18
DA:15,2
DA:19,16
DA:22,16
DA:24,12
DA:27,4
DA:28,4
DA:32,16
DA:33,16
DA:34,16
DA:35,16
DA:36,16
DA:37,16
DA:38,16
DA:39,16
DA:44,16
DA:46,0
DA:54,16
DA:55,13
DA:59,16
DA:60,4
DA:63,16
DA:71,7
DA:72,6
DA:73,2
DA:76,4
DA:82,4
DA:84,4
DA:85,2
DA:89,2
DA:90,0
DA:93,2
DA:101,7
DA:102,6
DA:103,2
DA:107,4
DA:110,4
DA:113,4
DA:114,4
DA:115,2
DA:118,2
DA:126,7
DA:127,0
DA:128,0
DA:131,0
DA:136,0
DA:138,0
DA:141,0
DA:142,0
DA:143,0
DA:146,0
DA:148,0
DA:158,7
DA:159,0
DA:161,0
DA:162,0
DA:166,0
DA:168,0
DA:169,0
DA:173,0
DA:174,0
DA:178,0
DA:179,0
DA:182,0
DA:183,0
DA:186,0
DA:195,7
DA:196,4
DA:198,4
DA:199,0
DA:202,4
DA:203,0
DA:208,4
DA:215,4
DA:216,0
DA:219,4
DA:228,7
DA:229,4
DA:231,4
DA:232,0
DA:233,0
DA:235,0
DA:239,4
DA:244,4
DA:245,1
DA:248,3
DA:249,0
DA:252,3
DA:261,7
DA:262,0
DA:264,0
DA:265,0
DA:266,0
DA:268,0
DA:272,0
DA:277,0
DA:278,0
DA:281,0
DA:282,0
DA:285,0
DA:293,7
DA:294,0
DA:295,0
DA:298,0
DA:304,0
DA:306,0
DA:307,0
DA:310,0
DA:319,7
DA:320,0
DA:321,0
DA:322,0
DA:324,0
DA:325,0
DA:328,0
DA:330,0
DA:331,0
DA:332,0
DA:333,0
DA:334,0
DA:336,0
DA:339,0
DA:340,0
DA:341,0
DA:343,0
DA:344,0
DA:346,0
DA:349,0
DA:350,0
DA:351,0
DA:353,0
DA:354,0
DA:356,0
DA:359,0
DA:360,0
DA:361,0
DA:363,0
DA:364,0
DA:366,0
DA:369,0
DA:370,0
DA:371,0
DA:373,0
DA:374,0
DA:376,0
DA:379,0
DA:380,0
DA:381,0
DA:383,0
DA:384,0
DA:386,0
DA:389,0
DA:390,0
DA:391,0
DA:393,0
DA:394,0
DA:396,0
DA:399,0
DA:400,0
DA:401,0
DA:403,0
DA:404,0
DA:406,0
DA:409,0
DA:413,0
DA:422,7
DA:423,0
DA:424,0
DA:427,0
DA:428,0
DA:429,0
DA:438,7
DA:439,0
DA:440,0
DA:443,0
DA:444,0
DA:447,0
LF:178
LH:62
BRDA:13,0,0,5
BRDA:14,1,0,2
BRDA:14,1,1,16
BRDA:14,2,0,18
BRDA:14,2,1,17
BRDA:22,3,0,12
BRDA:22,3,1,4
BRDA:44,4,0,0
BRDA:44,4,1,16
BRDA:54,5,0,13
BRDA:54,5,1,3
BRDA:59,6,0,4
BRDA:59,6,1,12
BRDA:59,7,0,16
BRDA:59,7,1,13
BRDA:72,8,0,2
BRDA:72,8,1,4
BRDA:72,9,0,6
BRDA:72,9,1,4
BRDA:84,10,0,2
BRDA:84,10,1,2
BRDA:89,11,0,0
BRDA:89,11,1,2
BRDA:102,12,0,2
BRDA:102,12,1,4
BRDA:102,13,0,6
BRDA:102,13,1,4
BRDA:114,14,0,2
BRDA:114,14,1,2
BRDA:114,15,0,4
BRDA:114,15,1,3
BRDA:127,16,0,0
BRDA:127,16,1,0
BRDA:127,17,0,0
BRDA:127,17,1,0
BRDA:142,18,0,0
BRDA:142,18,1,0
BRDA:158,19,0,0
BRDA:159,20,0,0
BRDA:159,21,0,0
BRDA:161,22,0,0
BRDA:161,22,1,0
BRDA:161,23,0,0
BRDA:161,23,1,0
BRDA:161,23,2,0
BRDA:166,24,0,0
BRDA:166,24,1,0
BRDA:168,25,0,0
BRDA:168,25,1,0
BRDA:173,26,0,0
BRDA:173,26,1,0
BRDA:173,27,0,0
BRDA:173,27,1,0
BRDA:178,28,0,0
BRDA:178,28,1,0
BRDA:178,29,0,0
BRDA:178,29,1,0
BRDA:182,30,0,0
BRDA:182,30,1,0
BRDA:182,31,0,0
BRDA:182,31,1,0
BRDA:195,32,0,0
BRDA:196,33,0,0
BRDA:196,34,0,4
BRDA:196,35,0,4
BRDA:198,36,0,0
BRDA:198,36,1,4
BRDA:198,37,0,4
BRDA:198,37,1,4
BRDA:202,38,0,0
BRDA:202,38,1,4
BRDA:202,39,0,4
BRDA:202,39,1,0
BRDA:202,39,2,0
BRDA:215,40,0,0
BRDA:215,40,1,4
BRDA:228,41,0,1
BRDA:229,42,0,3
BRDA:229,43,0,2
BRDA:229,44,0,2
BRDA:231,45,0,0
BRDA:231,45,1,4
BRDA:231,46,0,4
BRDA:231,46,1,4
BRDA:232,47,0,0
BRDA:232,47,1,0
BRDA:244,48,0,1
BRDA:244,48,1,3
BRDA:244,49,0,4
BRDA:244,49,1,1
BRDA:248,50,0,0
BRDA:248,50,1,3
BRDA:261,51,0,0
BRDA:262,52,0,0
BRDA:262,53,0,0
BRDA:262,54,0,0
BRDA:264,55,0,0
BRDA:264,55,1,0
BRDA:264,56,0,0
BRDA:264,56,1,0
BRDA:265,57,0,0
BRDA:265,57,1,0
BRDA:277,58,0,0
BRDA:277,58,1,0
BRDA:277,59,0,0
BRDA:277,59,1,0
BRDA:281,60,0,0
BRDA:281,60,1,0
BRDA:294,61,0,0
BRDA:294,61,1,0
BRDA:294,62,0,0
BRDA:294,62,1,0
BRDA:306,63,0,0
BRDA:306,63,1,0
BRDA:328,64,0,0
BRDA:328,64,1,0
BRDA:328,64,2,0
BRDA:328,64,3,0
BRDA:328,64,4,0
BRDA:328,64,5,0
BRDA:328,64,6,0
BRDA:328,64,7,0
BRDA:328,64,8,0
BRDA:330,65,0,0
BRDA:330,65,1,0
BRDA:330,66,0,0
BRDA:330,66,1,0
BRDA:332,67,0,0
BRDA:332,67,1,0
BRDA:332,68,0,0
BRDA:332,68,1,0
BRDA:332,68,2,0
BRDA:333,69,0,0
BRDA:333,69,1,0
BRDA:340,70,0,0
BRDA:340,70,1,0
BRDA:350,71,0,0
BRDA:350,71,1,0
BRDA:359,72,0,0
BRDA:359,72,1,0
BRDA:360,73,0,0
BRDA:360,73,1,0
BRDA:370,74,0,0
BRDA:370,74,1,0
BRDA:380,75,0,0
BRDA:380,75,1,0
BRDA:390,76,0,0
BRDA:390,76,1,0
BRDA:400,77,0,0
BRDA:400,77,1,0
BRDA:422,78,0,0
BRDA:423,79,0,0
BRDA:423,79,1,0
BRDA:438,80,0,0
BRDA:439,81,0,0
BRDA:439,81,1,0
BRDA:439,82,0,0
BRDA:439,82,1,0
BRDA:439,82,2,0
BRDA:443,83,0,0
BRDA:443,83,1,0
BRDA:443,84,0,0
BRDA:443,84,1,0
BRF:163
BRH:49
end_of_record
TN:
SF:src\utils\invoiceService.js
FN:14,(anonymous_0)
FN:761,(anonymous_1)
FN:797,(anonymous_2)
FN:839,(anonymous_3)
FN:851,(anonymous_4)
FN:908,(anonymous_5)
FN:923,(anonymous_6)
FN:936,(anonymous_7)
FNF:8
FNH:0
FNDA:0,(anonymous_0)
FNDA:0,(anonymous_1)
FNDA:0,(anonymous_2)
FNDA:0,(anonymous_3)
FNDA:0,(anonymous_4)
FNDA:0,(anonymous_5)
FNDA:0,(anonymous_6)
FNDA:0,(anonymous_7)
DA:14,0
DA:15,0
DA:16,0
DA:17,0
DA:24,0
DA:25,0
DA:26,0
DA:27,0
DA:28,0
DA:31,0
DA:32,0
DA:33,0
DA:35,0
DA:36,0
DA:37,0
DA:40,0
DA:42,0
DA:762,0
DA:763,0
DA:798,0
DA:799,0
DA:839,0
DA:851,0
DA:902,0
DA:908,0
DA:909,0
DA:917,0
DA:923,0
DA:924,0
DA:930,0
DA:936,0
DA:937,0
DA:938,0
DA:939,0
LF:34
LH:0
BRDA:14,0,0,0
BRDA:15,1,0,0
BRDA:15,1,1,0
BRDA:15,1,2,0
BRDA:16,2,0,0
BRDA:16,2,1,0
BRDA:16,2,2,0
BRDA:24,3,0,0
BRDA:24,3,1,0
BRDA:24,3,2,0
BRDA:24,3,3,0
BRDA:25,4,0,0
BRDA:25,4,1,0
BRDA:25,4,2,0
BRDA:25,4,3,0
BRDA:26,5,0,0
BRDA:26,5,1,0
BRDA:26,5,2,0
BRDA:26,5,3,0
BRDA:27,6,0,0
BRDA:27,6,1,0
BRDA:27,6,2,0
BRDA:28,7,0,0
BRDA:28,7,1,0
BRDA:28,7,2,0
BRDA:31,8,0,0
BRDA:31,8,1,0
BRDA:32,9,0,0
BRDA:32,9,1,0
BRDA:32,9,2,0
BRDA:33,10,0,0
BRDA:33,10,1,0
BRDA:33,10,2,0
BRDA:36,11,0,0
BRDA:36,11,1,0
BRDA:37,12,0,0
BRDA:37,12,1,0
BRDA:40,13,0,0
BRDA:40,13,1,0
BRDA:684,14,0,0
BRDA:684,14,1,0
BRDA:701,15,0,0
BRDA:701,15,1,0
BRDA:702,16,0,0
BRDA:702,16,1,0
BRDA:716,17,0,0
BRDA:716,17,1,0
BRDA:722,18,0,0
BRDA:722,18,1,0
BRDA:732,19,0,0
BRDA:732,19,1,0
BRDA:732,19,2,0
BRDA:734,20,0,0
BRDA:734,20,1,0
BRDA:762,21,0,0
BRDA:762,21,1,0
BRDA:762,21,2,0
BRDA:762,21,3,0
BRDA:767,22,0,0
BRDA:767,22,1,0
BRDA:768,23,0,0
BRDA:768,23,1,0
BRDA:776,24,0,0
BRDA:776,24,1,0
BRDA:777,25,0,0
BRDA:777,25,1,0
BRDA:781,26,0,0
BRDA:781,26,1,0
BRDA:782,27,0,0
BRDA:782,27,1,0
BRDA:783,28,0,0
BRDA:783,28,1,0
BRDA:783,29,0,0
BRDA:783,29,1,0
BRDA:784,30,0,0
BRDA:784,30,1,0
BRDA:784,31,0,0
BRDA:784,31,1,0
BRDA:798,32,0,0
BRDA:798,32,1,0
BRDA:798,32,2,0
BRDA:798,32,3,0
BRDA:801,33,0,0
BRDA:801,33,1,0
BRDA:802,34,0,0
BRDA:802,34,1,0
BRDA:807,35,0,0
BRDA:807,35,1,0
BRDA:808,36,0,0
BRDA:808,36,1,0
BRDA:808,37,0,0
BRDA:808,37,1,0
BRDA:812,38,0,0
BRDA:812,38,1,0
BRDA:815,39,0,0
BRDA:815,39,1,0
BRDA:818,40,0,0
BRDA:818,40,1,0
BRDA:818,41,0,0
BRDA:818,41,1,0
BRDA:821,42,0,0
BRDA:821,42,1,0
BRDA:821,43,0,0
BRDA:821,43,1,0
BRDA:824,44,0,0
BRDA:824,44,1,0
BRDA:848,45,0,0
BRDA:848,45,1,0
BRDA:864,46,0,0
BRDA:864,46,1,0
BRDA:864,46,2,0
BRDA:867,47,0,0
BRDA:867,47,1,0
BRDA:867,48,0,0
BRDA:867,48,1,0
BRDA:870,49,0,0
BRDA:870,49,1,0
BRDA:880,50,0,0
BRDA:880,50,1,0
BRDA:917,51,0,0
BRDA:917,51,1,0
BRDA:930,52,0,0
BRDA:930,52,1,0
BRDA:936,53,0,0
BRDA:937,54,0,0
BRDA:937,54,1,0
BRDA:937,54,2,0
BRF:127
BRH:0
end_of_record
